seq_id	aln_start	aln_end	env_start	env_end	hmm_acc	hmm_name	type	hmm_start	hmm_end	hmm_length	score	evalue	significance	clan
IMGVR_UViG_2551306657_000001.2551306657.2551467356_9	25	177	24	183	PF13191.10	AAA_16	Domain	2	147	167	51.3	2.10E-13	1	CL0023
IMGVR_UViG_2551306657_000001.2551306657.2551467356_36	84	378	61	380	PF04860.16	Phage_portal	Family	26	318	321	101	7.80E-29	1	No_Clan
IMGVR_UViG_2663763426_000001.2663763426.2663857909_10	32	194	19	230	PF12708.11	Pectate_lyase_3	Repeat	17	173	214	39.9	4.20E-10	1	CL0268
IMGVR_UViG_3300005263_000012.3300005263.Ga0071346_1003385_21	238	397	237	407	PF08480.14	Disaggr_assoc	Repeat	3	169	194	58.4	1.00E-15	1	CL0268
IMGVR_UViG_3300005263_000012.3300005263.Ga0071346_1003385_27	20	49	16	49	PF02954.23	HTH_8	Domain	13	42	42	27.2	2.70E-06	1	CL0123
IMGVR_UViG_3300005263_000012.3300005263.Ga0071346_1003385_114	7	47	7	47	PF18454.5	Mtd_N	Domain	1	37	37	45.4	6.50E-12	1	CL0737
IMGVR_UViG_3300005263_000012.3300005263.Ga0071346_1003385_114	290	385	235	404	PF13229.10	Beta_helix	Repeat	54	145	158	28	1.60E-06	1	CL0268
IMGVR_UViG_3300005263_000012.3300005263.Ga0071346_1003385_114	508	665	498	685	PF13229.10	Beta_helix	Repeat	15	156	158	28.1	1.60E-06	1	CL0268
IMGVR_UViG_3300005263_000012.3300005263.Ga0071346_1003385_178	9	215	5	272	PF04454.16	Linocin_M18	Family	16	203	253	61.4	8.50E-17	1	CL0373
IMGVR_UViG_3300005263_000012.3300005263.Ga0071346_1003385_182	13	88	13	88	PF04883.16	HK97-gp10_like	Family	1	77	78	31.2	3.70E-07	1	CL0348
IMGVR_UViG_3300005263_000012.3300005263.Ga0071346_1003385_187	110	294	109	307	PF10145.13	PhageMin_Tail	Family	2	186	201	123.4	1.20E-35	1	No_Clan
IMGVR_UViG_3300005263_000012.3300005263.Ga0071346_1003385_191	39	114	39	115	PF10102.13	DUF2341	Family	1	83	84	37.7	2.60E-09	1	No_Clan
IMGVR_UViG_3300005263_000012.3300005263.Ga0071346_1003385_192	250	398	191	403	PF08480.14	Disaggr_assoc	Repeat	2	156	194	33.7	3.80E-08	1	CL0268
IMGVR_UViG_3300005405_000203.3300005405.Ga0074193_1001177_16	94	210	90	213	PF14550.10	Peptidase_S78_2	Family	5	111	120	65.3	5.60E-18	1	CL0201
IMGVR_UViG_3300005405_000203.3300005405.Ga0074193_1001177_16	383	402	383	405	PF13240.10	zinc_ribbon_2	Domain	1	20	23	27.6	2.10E-06	1	CL0167
IMGVR_UViG_3300005405_000203.3300005405.Ga0074193_1001177_29	152	213	151	213	PF01471.22	PG_binding_1	Domain	2	57	57	64.4	8.90E-18	1	CL0244
IMGVR_UViG_3300005405_000203.3300005405.Ga0074193_1001177_33	80	323	78	335	PF04865.18	Baseplate_J	Family	3	243	255	141.3	3.70E-41	1	No_Clan
IMGVR_UViG_3300006483_000014.3300006483.Ga0100240_113756_19	42	107	42	119	PF10102.13	DUF2341	Family	1	68	84	38.6	1.40E-09	1	No_Clan
IMGVR_UViG_3300006483_000014.3300006483.Ga0100240_113756_19	527	607	527	609	PF10102.13	DUF2341	Family	1	82	84	38.3	1.70E-09	1	No_Clan
IMGVR_UViG_3300006840_000218.3300006840.Ga0101790_100879_1	226	296	217	296	PF18911.4	PKD_4	Domain	14	85	85	68.5	4.50E-19	1	CL0159
IMGVR_UViG_3300006840_000218.3300006840.Ga0101790_100879_1	304	382	302	383	PF18911.4	PKD_4	Domain	3	84	85	72.7	2.20E-20	1	CL0159
IMGVR_UViG_3300007802_000040.3300007802.Ga0105667_101691_4	64	181	61	193	PF03237.19	Terminase_6N	Domain	4	119	215	23.6	4.00E-05	1	CL0023
IMGVR_UViG_3300007802_000040.3300007802.Ga0105667_101691_4	410	508	389	510	PF17289.6	Terminase_6C	Domain	52	152	155	23.3	5.80E-05	1	CL0219
IMGVR_UViG_3300007802_000040.3300007802.Ga0105667_101691_5	84	456	82	461	PF04860.16	Phage_portal	Family	6	316	321	59.1	4.60E-16	1	No_Clan
IMGVR_UViG_3300007802_000040.3300007802.Ga0105667_101691_7	5	134	3	136	PF14550.10	Peptidase_S78_2	Family	4	118	120	34	2.80E-08	1	CL0201
IMGVR_UViG_3300008978_000005.3300008978.Ga0116004_1000198_13	21	318	12	319	PF18906.4	Phage_tube_2	Family	12	268	269	57.8	1.30E-15	1	No_Clan
IMGVR_UViG_3300008978_000005.3300008978.Ga0116004_1000198_19	197	293	197	294	PF10102.13	DUF2341	Family	1	83	84	30.5	4.60E-07	1	No_Clan
IMGVR_UViG_3300008978_000005.3300008978.Ga0116004_1000198_25	18	88	17	96	PF10162.13	G8	Domain	2	69	122	30.2	4.10E-07	1	No_Clan
IMGVR_UViG_3300010236_000015.3300010236.Ga0136246_10000332_1	118	169	118	171	PF13884.10	Peptidase_S74	Domain	1	51	54	40.1	3.40E-10	1	No_Clan
IMGVR_UViG_3300010274_000145.3300010274.Ga0134100_1000991_13	26	98	17	125	PF13022.10	HTH_Tnp_1_2	Domain	8	83	122	29	1.10E-06	1	CL0123
IMGVR_UViG_3300010274_000145.3300010274.Ga0134100_1000991_35	105	301	93	306	PF13229.10	Beta_helix	Repeat	11	155	158	30.2	3.60E-07	1	CL0268
IMGVR_UViG_3300010274_000121.3300010274.Ga0134100_1003248_7	157	323	155	325	PF13229.10	Beta_helix	Repeat	3	156	158	46.9	2.60E-12	1	CL0268
IMGVR_UViG_3300010274_000121.3300010274.Ga0134100_1003248_11	74	231	73	232	PF13385.10	Laminin_G_3	Domain	2	150	151	79.4	3.40E-22	1	CL0004
IMGVR_UViG_3300010274_000121.3300010274.Ga0134100_1003248_11	607	680	601	680	PF18911.4	PKD_4	Domain	11	85	85	48.4	8.10E-13	1	CL0159
IMGVR_UViG_3300010274_000121.3300010274.Ga0134100_1003248_14	229	275	218	275	PF18911.4	PKD_4	Domain	17	64	85	52.2	5.40E-14	1	CL0159
IMGVR_UViG_3300010281_000136.3300010281.Ga0134090_1001720_17	26	98	17	125	PF13022.10	HTH_Tnp_1_2	Domain	8	83	122	29	1.10E-06	1	CL0123
IMGVR_UViG_3300010428_000081.3300010428.Ga0134103_1006971_1	94	166	93	166	PF10145.13	PhageMin_Tail	Family	2	75	201	69.2	4.80E-19	1	No_Clan
IMGVR_UViG_3300010428_000081.3300010428.Ga0134103_1006971_5	7	85	7	118	PF11367.12	DUF3168	Family	1	84	117	43.9	2.70E-11	1	CL0691
IMGVR_UViG_3300010428_000081.3300010428.Ga0134103_1006971_6	14	90	13	90	PF04883.16	HK97-gp10_like	Family	2	78	78	26.8	9.20E-06	1	CL0348
IMGVR_UViG_3300010428_000096.3300010428.Ga0134103_1002469_13	26	98	17	125	PF13022.10	HTH_Tnp_1_2	Domain	8	83	122	29	1.10E-06	1	CL0123
IMGVR_UViG_3300010428_000104.3300010428.Ga0134103_1003739_7	7	216	3	235	PF04454.16	Linocin_M18	Family	14	204	253	52.6	4.20E-14	1	CL0373
IMGVR_UViG_3300010428_000104.3300010428.Ga0134103_1003739_11	13	97	13	97	PF04883.16	HK97-gp10_like	Family	1	78	78	25.3	2.60E-05	1	CL0348
IMGVR_UViG_3300010428_000104.3300010428.Ga0134103_1003739_16	94	211	93	211	PF10145.13	PhageMin_Tail	Family	2	120	201	115.6	2.90E-33	1	No_Clan
IMGVR_UViG_3300011979_000236.3300011979.Ga0120379_1000514_25	78	385	71	390	PF06074.16	DUF935	Family	93	395	517	43.6	1.90E-11	1	No_Clan
IMGVR_UViG_3300014204_000435.3300014204.Ga0172381_10000949_5	215	369	212	377	PF08480.14	Disaggr_assoc	Repeat	4	161	194	70.9	1.50E-19	1	CL0268
IMGVR_UViG_3300014204_000435.3300014204.Ga0172381_10000949_13	4	81	4	82	PF10102.13	DUF2341	Family	1	83	84	72	5.10E-20	1	No_Clan
IMGVR_UViG_3300014204_000435.3300014204.Ga0172381_10000949_17	98	296	97	301	PF10145.13	PhageMin_Tail	Family	2	198	201	97.8	8.20E-28	1	No_Clan
IMGVR_UViG_3300014204_000435.3300014204.Ga0172381_10000949_21	7	118	7	118	PF11367.12	DUF3168	Family	1	117	117	42.7	6.20E-11	1	CL0691
IMGVR_UViG_3300014204_000435.3300014204.Ga0172381_10000949_22	13	89	13	89	PF04883.16	HK97-gp10_like	Family	1	78	78	42.2	1.40E-10	1	CL0348
IMGVR_UViG_3300014204_000435.3300014204.Ga0172381_10000949_25	8	235	5	254	PF04454.16	Linocin_M18	Family	15	221	253	64.5	9.60E-18	1	CL0373
IMGVR_UViG_3300014204_000586.3300014204.Ga0172381_10001414_9	275	429	274	467	PF08480.14	Disaggr_assoc	Repeat	2	151	194	49.8	4.40E-13	1	CL0268
IMGVR_UViG_3300014204_000586.3300014204.Ga0172381_10001414_9	721	871	719	875	PF13385.10	Laminin_G_3	Domain	2	147	151	52.1	8.80E-14	1	CL0004
IMGVR_UViG_3300014204_000586.3300014204.Ga0172381_10001414_15	22	71	17	73	PF01047.26	MarR	Domain	8	53	59	28	1.70E-06	1	CL0123
IMGVR_UViG_3300014204_000586.3300014204.Ga0172381_10001414_16	78	244	74	246	PF13229.10	Beta_helix	Repeat	4	149	158	43.7	2.40E-11	1	CL0268
IMGVR_UViG_3300014206_002676.3300014206.Ga0172377_10009520_1	23	132	8	133	PF16461.9	Phage_TTP_12	Family	21	131	134	34.6	1.60E-08	1	CL0504
IMGVR_UViG_3300014206_002676.3300014206.Ga0172377_10009520_2	24	145	24	146	PF12691.11	Minor_capsid_3	Family	1	115	117	41.2	1.80E-10	1	CL0691
IMGVR_UViG_3300015214_001681.3300015214.Ga0172382_10015897_2	14	90	13	90	PF04883.16	HK97-gp10_like	Family	2	78	78	26.8	9.20E-06	1	CL0348
IMGVR_UViG_3300015214_001681.3300015214.Ga0172382_10015897_7	94	291	93	292	PF10145.13	PhageMin_Tail	Family	2	200	201	163.3	7.10E-48	1	No_Clan
IMGVR_UViG_3300015214_001681.3300015214.Ga0172382_10015897_11	40	115	40	116	PF10102.13	DUF2341	Family	1	83	84	62.6	4.40E-17	1	No_Clan
IMGVR_UViG_3300018412_000002.3300018412.Ga0194136_1000079_1	264	345	263	346	PF13620.10	CarboxypepD_reg	Domain	2	81	82	34.3	2.60E-08	1	CL0287
IMGVR_UViG_3300021255_003095.3300021255.Ga0223825_10105951_34	111	264	111	265	PF13482.10	RNase_H_2	Domain	1	162	163	47.2	2.50E-12	1	CL0219
IMGVR_UViG_3300021255_003095.3300021255.Ga0223825_10105951_55	12	300	9	342	PF18906.4	Phage_tube_2	Family	5	241	269	33.2	4.20E-08	1	No_Clan
IMGVR_UViG_3300021255_003095.3300021255.Ga0223825_10105951_56	82	211	77	215	PF03412.19	Peptidase_C39	Family	6	116	133	40.1	3.20E-10	1	CL0125
IMGVR_UViG_3300021387_000413.3300021387.Ga0223845_10448126_24	237	289	234	289	PF13250.10	DUF4041	Family	4	56	56	45.8	4.60E-12	1	No_Clan
IMGVR_UViG_3300021387_000413.3300021387.Ga0223845_10448126_24	412	488	412	489	PF13455.10	MUG113	Family	1	72	73	74.9	6.30E-21	1	CL0418
IMGVR_UViG_3300021387_000413.3300021387.Ga0223845_10448126_26	14	69	13	70	PF01471.22	PG_binding_1	Domain	2	56	57	58.6	5.90E-16	1	CL0244
IMGVR_UViG_3300021387_000413.3300021387.Ga0223845_10448126_26	87	142	86	142	PF01471.22	PG_binding_1	Domain	2	57	57	60.8	1.20E-16	1	CL0244
IMGVR_UViG_3300021387_000413.3300021387.Ga0223845_10448126_26	162	279	144	290	PF12386.12	Peptidase_C71	Family	15	136	149	44.4	1.50E-11	1	CL0125
IMGVR_UViG_3300021387_000413.3300021387.Ga0223845_10448126_37	35	92	34	92	PF01471.22	PG_binding_1	Domain	2	57	57	44.1	2.00E-11	1	CL0244
IMGVR_UViG_3300021387_000413.3300021387.Ga0223845_10448126_38	15	79	15	80	PF01471.22	PG_binding_1	Domain	1	56	57	44.8	1.20E-11	1	CL0244
IMGVR_UViG_3300021387_000413.3300021387.Ga0223845_10448126_48	100	294	42	300	PF17236.6	DUF5309	Family	70	271	283	30.1	3.20E-07	1	CL0373
IMGVR_UViG_3300021400_004522.3300021400.Ga0224422_12338464_1	1	85	1	87	PF13620.10	CarboxypepD_reg	Domain	1	80	82	36.3	6.50E-09	1	CL0287
IMGVR_UViG_3300021400_004522.3300021400.Ga0224422_12338464_14	7	106	7	109	PF10934.12	DUF2634	Family	1	100	104	43.2	3.80E-11	1	CL0763
IMGVR_UViG_3300021400_004522.3300021400.Ga0224422_12338464_15	80	244	80	248	PF04865.18	Baseplate_J	Family	1	149	255	53.3	2.60E-14	1	No_Clan
IMGVR_UViG_3300021400_000962.3300021400.Ga0224422_11460810_7	52	215	41	230	PF10758.13	DUF2586	Family	35	190	386	28.7	8.50E-07	1	No_Clan
IMGVR_UViG_3300021400_000962.3300021400.Ga0224422_11460810_13	19	82	7	86	PF13620.10	CarboxypepD_reg	Domain	7	79	82	36.8	4.50E-09	1	CL0287
IMGVR_UViG_3300021400_000962.3300021400.Ga0224422_11460810_15	78	162	44	174	PF04586.21	Peptidase_S78	Family	56	149	164	24.8	2.30E-05	1	CL0201
IMGVR_UViG_3300021400_000962.3300021400.Ga0224422_11460810_17	65	381	63	384	PF04860.16	Phage_portal	Family	4	318	321	101.2	6.90E-29	1	No_Clan
IMGVR_UViG_3300021400_000962.3300021400.Ga0224422_11460810_37	3	175	2	201	PF00145.21	DNA_methylase	Domain	2	162	324	203.1	8.40E-60	1	CL0063
IMGVR_UViG_3300021400_000962.3300021400.Ga0224422_11460810_37	225	311	182	313	PF00145.21	DNA_methylase	Domain	259	321	324	38.7	8.50E-10	1	CL0063
IMGVR_UViG_3300021540_000004.3300021540.Ga0214517_100030_68	6	65	1	65	PF14192.10	DUF4314	Family	9	69	69	88.9	1.70E-25	1	CL0010
IMGVR_UViG_3300021540_000004.3300021540.Ga0214517_100030_160	1183	1271	1181	1272	PF16640.9	Big_3_5	Domain	3	89	90	39.1	7.30E-10	1	CL0159
IMGVR_UViG_3300021540_000004.3300021540.Ga0214517_100030_161	78	290	77	316	PF04865.18	Baseplate_J	Family	3	215	255	65.7	4.40E-18	1	No_Clan
IMGVR_UViG_3300021540_000004.3300021540.Ga0214517_100030_182	69	395	68	397	PF04860.16	Phage_portal	Family	3	318	321	92.3	3.60E-26	1	No_Clan
IMGVR_UViG_3300021540_000004.3300021540.Ga0214517_100030_186	5	62	4	67	PF02195.22	ParBc	Family	2	62	90	41.3	1.50E-10	1	CL0248
IMGVR_UViG_3300021540_000004.3300021540.Ga0214517_100030_187	51	211	50	212	PF02592.19	Vut_1	Family	2	151	152	139.2	1.60E-40	1	CL0315
IMGVR_UViG_3300021540_000004.3300021540.Ga0214517_100030_188	4	134	4	136	PF01850.25	PIN	Domain	1	118	121	45.2	1.40E-11	1	CL0280
IMGVR_UViG_3300022137_000001.3300022137.Ga0214925_100249_4	80	315	33	326	PF05065.17	Phage_capsid	Family	46	262	280	37.7	1.70E-09	1	CL0373
IMGVR_UViG_3300022137_000001.3300022137.Ga0214925_100249_8	5	241	3	253	PF18906.4	Phage_tube_2	Family	5	227	269	43.4	3.40E-11	1	No_Clan
IMGVR_UViG_3300022137_000001.3300022137.Ga0214925_100249_11	368	453	367	454	PF16640.9	Big_3_5	Domain	2	89	90	55.9	4.40E-15	1	CL0159
IMGVR_UViG_3300022137_000001.3300022137.Ga0214925_100249_42	127	446	75	448	PF04860.16	Phage_portal	Family	59	319	321	79.1	3.70E-22	1	No_Clan
IMGVR_UViG_3300022212_000093.3300022212.Ga0236246_1000153_3	222	296	217	296	PF18911.4	PKD_4	Domain	10	85	85	70.5	1.00E-19	1	CL0159
IMGVR_UViG_3300022212_000093.3300022212.Ga0236246_1000153_31	7	216	3	235	PF04454.16	Linocin_M18	Family	14	204	253	50.1	2.50E-13	1	CL0373
IMGVR_UViG_3300022212_000093.3300022212.Ga0236246_1000153_35	13	97	13	97	PF04883.16	HK97-gp10_like	Family	1	78	78	25.3	2.60E-05	1	CL0348
IMGVR_UViG_3300022212_000093.3300022212.Ga0236246_1000153_40	94	291	93	292	PF10145.13	PhageMin_Tail	Family	2	200	201	176.9	4.80E-52	1	No_Clan
IMGVR_UViG_3300022212_000093.3300022212.Ga0236246_1000153_44	41	115	41	117	PF10102.13	DUF2341	Family	1	82	84	49.4	5.50E-13	1	No_Clan
IMGVR_UViG_3300022212_000093.3300022212.Ga0236246_1000153_44	489	563	489	565	PF10102.13	DUF2341	Family	1	82	84	52.1	7.90E-14	1	No_Clan
IMGVR_UViG_3300022212_000093.3300022212.Ga0236246_1000153_47	235	391	233	414	PF08480.14	Disaggr_assoc	Repeat	3	157	194	65.5	6.50E-18	1	CL0268
IMGVR_UViG_3300022235_000096.3300022235.Ga0236245_1000190_16	222	296	217	296	PF18911.4	PKD_4	Domain	10	85	85	70.5	1.00E-19	1	CL0159
IMGVR_UViG_3300022235_000096.3300022235.Ga0236245_1000190_38	235	391	233	414	PF08480.14	Disaggr_assoc	Repeat	3	157	194	65.5	6.50E-18	1	CL0268
IMGVR_UViG_3300022235_000096.3300022235.Ga0236245_1000190_41	41	115	41	117	PF10102.13	DUF2341	Family	1	82	84	49.4	5.50E-13	1	No_Clan
IMGVR_UViG_3300022235_000096.3300022235.Ga0236245_1000190_41	489	563	489	565	PF10102.13	DUF2341	Family	1	82	84	52.1	7.90E-14	1	No_Clan
IMGVR_UViG_3300025609_000011.3300025609.Ga0209608_1001458_9	9	223	5	240	PF04454.16	Linocin_M18	Family	16	208	253	58.7	5.60E-16	1	CL0373
IMGVR_UViG_3300025609_000011.3300025609.Ga0209608_1001458_12	15	76	6	77	PF04883.16	HK97-gp10_like	Family	11	75	78	23.2	0.00012	1	CL0348
IMGVR_UViG_3300025609_000011.3300025609.Ga0209608_1001458_13	13	131	13	131	PF12691.11	Minor_capsid_3	Family	1	116	117	72	5.10E-20	1	CL0691
IMGVR_UViG_3300025609_000011.3300025609.Ga0209608_1001458_14	33	134	21	135	PF16461.9	Phage_TTP_12	Family	30	133	134	46.1	4.30E-12	1	CL0504
IMGVR_UViG_3300025609_000011.3300025609.Ga0209608_1001458_14	145	237	135	237	PF12733.11	Cadherin-like	Domain	5	89	89	45.3	1.00E-11	1	CL0159
IMGVR_UViG_3300025609_000011.3300025609.Ga0209608_1001458_17	122	302	120	309	PF10145.13	PhageMin_Tail	Family	3	183	201	122.2	2.70E-35	1	No_Clan
IMGVR_UViG_3300025609_000011.3300025609.Ga0209608_1001458_18	257	400	255	407	PF08480.14	Disaggr_assoc	Repeat	3	152	194	64.9	1.00E-17	1	CL0268
IMGVR_UViG_3300025609_000041.3300025609.Ga0209608_1002963_5	228	296	218	296	PF18911.4	PKD_4	Domain	16	85	85	67.6	8.60E-19	1	CL0159
IMGVR_UViG_3300025609_000041.3300025609.Ga0209608_1002963_5	305	383	303	383	PF18911.4	PKD_4	Domain	4	85	85	74.3	7.10E-21	1	CL0159
IMGVR_UViG_3300025609_000041.3300025609.Ga0209608_1002963_5	639	719	638	719	PF18911.4	PKD_4	Domain	2	85	85	76.2	1.80E-21	1	CL0159
IMGVR_UViG_3300025609_000041.3300025609.Ga0209608_1002963_5	724	804	723	804	PF18911.4	PKD_4	Domain	2	85	85	72.6	2.30E-20	1	CL0159
IMGVR_UViG_3300025678_000508.3300025678.Ga0208695_1000493_24	32	236	30	240	PF03237.19	Terminase_6N	Domain	3	209	215	35	1.20E-08	1	CL0023
IMGVR_UViG_3300025678_000508.3300025678.Ga0208695_1000493_24	375	437	346	438	PF17288.6	Terminase_3C	Domain	88	153	155	29.5	9.80E-07	1	CL0219
IMGVR_UViG_3300025713_000144.3300025713.Ga0208195_1006385_7	149	258	144	259	PF14550.10	Peptidase_S78_2	Family	8	119	120	117.6	3.70E-34	1	CL0201
IMGVR_UViG_3300025713_000156.3300025713.Ga0208195_1007151_6	16	125	2	160	PF20557.2	DnaT_2	Domain	26	129	168	33.6	3.80E-08	1	No_Clan
IMGVR_UViG_3300026290_000020.3300026290.Ga0209510_1000669_25	2	48	1	84	PF01527.24	HTH_Tnp_1	Family	2	52	75	26.6	5.90E-06	1	CL0123
IMGVR_UViG_3300026290_000020.3300026290.Ga0209510_1000669_38	5	250	4	263	PF18906.4	Phage_tube_2	Family	2	233	269	45.8	6.30E-12	1	No_Clan
IMGVR_UViG_3300026290_000020.3300026290.Ga0209510_1000669_47	103	233	95	233	PF13529.10	Peptidase_C39_2	Domain	8	143	143	30.7	4.60E-07	1	CL0125
IMGVR_UViG_3300026311_000005.3300026311.Ga0209723_1001339_5	145	339	133	342	PF10145.13	PhageMin_Tail	Family	9	198	201	59.6	4.20E-16	1	No_Clan
IMGVR_UViG_3300026311_000005.3300026311.Ga0209723_1001339_25	14	314	12	316	PF05065.17	Phage_capsid	Family	4	275	280	83	2.60E-23	1	CL0373
IMGVR_UViG_3300026311_000005.3300026311.Ga0209723_1001339_27	20	448	17	453	PF05133.18	Phage_prot_Gp6	Family	8	411	416	43.8	1.90E-11	1	No_Clan
IMGVR_UViG_3300026549_000111.3300026549.Ga0256404_1001855_15	208	312	200	313	PF04233.18	Phage_Mu_F	Family	13	111	112	48.8	1.10E-12	1	No_Clan
IMGVR_UViG_3300026549_000111.3300026549.Ga0256404_1001855_22	257	342	255	344	PF16640.9	Big_3_5	Domain	3	88	90	36.9	3.60E-09	1	CL0159
IMGVR_UViG_3300027365_000588.3300027365.Ga0209300_1002029_2	28	63	16	66	PF04703.16	FaeA	Domain	16	51	62	24.2	3.60E-05	1	CL0123
IMGVR_UViG_3300027566_000007.3300027566.Ga0209639_1000314_6	110	296	109	303	PF10145.13	PhageMin_Tail	Family	2	188	201	123.9	8.40E-36	1	No_Clan
IMGVR_UViG_3300027566_000007.3300027566.Ga0209639_1000314_10	39	114	39	115	PF10102.13	DUF2341	Family	1	83	84	37.7	2.60E-09	1	No_Clan
IMGVR_UViG_3300027566_000007.3300027566.Ga0209639_1000314_31	228	393	226	418	PF08480.14	Disaggr_assoc	Repeat	3	170	194	77.3	1.60E-21	1	CL0268
IMGVR_UViG_3300027566_000007.3300027566.Ga0209639_1000314_103	106	300	95	300	PF13229.10	Beta_helix	Repeat	11	158	158	32.4	7.40E-08	1	CL0268
IMGVR_UViG_3300027566_000007.3300027566.Ga0209639_1000314_119	10	45	9	45	PF18454.5	Mtd_N	Domain	4	37	37	39	6.30E-10	1	CL0737
IMGVR_UViG_3300027566_000007.3300027566.Ga0209639_1000314_119	512	642	486	679	PF13229.10	Beta_helix	Repeat	3	143	158	39.2	5.90E-10	1	CL0268
IMGVR_UViG_3300028048_000213.3300028048.Ga0256405_10002290_29	44	323	32	324	PF05065.17	Phage_capsid	Family	10	279	280	35.6	7.20E-09	1	CL0373
IMGVR_UViG_3300028048_000213.3300028048.Ga0256405_10002290_34	6	242	2	265	PF18906.4	Phage_tube_2	Family	7	222	269	30.7	2.50E-07	1	No_Clan
IMGVR_UViG_3300028048_000213.3300028048.Ga0256405_10002290_36	185	362	161	365	PF10145.13	PhageMin_Tail	Family	13	198	201	37.8	1.90E-09	1	No_Clan
IMGVR_UViG_3300028048_000213.3300028048.Ga0256405_10002290_61	78	188	77	232	PF02384.20	N6_Mtase	Family	4	121	311	50.9	1.50E-13	1	CL0063
IMGVR_UViG_3300028591_000222.3300028591.Ga0247611_10000764_36	54	138	51	163	PF00692.23	dUTPase	Domain	23	106	129	47.7	1.30E-12	1	CL0153
IMGVR_UViG_3300028591_000222.3300028591.Ga0247611_10000764_45	25	108	5	115	PF00705.22	PCNA_N	Domain	26	111	127	28.9	8.70E-07	1	CL0060
IMGVR_UViG_3300028591_000222.3300028591.Ga0247611_10000764_80	20	214	17	214	PF04466.17	Terminase_3	Domain	4	201	201	104.5	6.20E-30	1	CL0023
IMGVR_UViG_3300028591_000222.3300028591.Ga0247611_10000764_80	258	384	244	385	PF17288.6	Terminase_3C	Domain	16	153	155	40.8	3.20E-10	1	CL0219
IMGVR_UViG_3300028591_000222.3300028591.Ga0247611_10000764_98	40	123	39	126	PF16640.9	Big_3_5	Domain	2	85	90	47.2	2.20E-12	1	CL0159
IMGVR_UViG_3300028591_000222.3300028591.Ga0247611_10000764_102	96	179	85	187	PF13306.10	LRR_5	Repeat	16	97	127	27.6	2.60E-06	1	CL0022
IMGVR_UViG_3300028601_000199.3300028601.Ga0265295_1006704_20	13	160	11	163	PF10124.13	Mu-like_gpT	Family	4	149	289	118.4	4.30E-34	1	CL0373
IMGVR_UViG_3300028601_000199.3300028601.Ga0265295_1006704_20	162	241	152	242	PF10124.13	Mu-like_gpT	Family	218	288	289	35.8	6.10E-09	1	CL0373
IMGVR_UViG_3300028601_000199.3300028601.Ga0265295_1006704_20	245	306	242	308	PF10124.13	Mu-like_gpT	Family	153	215	289	46	4.70E-12	1	CL0373
IMGVR_UViG_3300028601_000199.3300028601.Ga0265295_1006704_25	10	126	10	127	PF12691.11	Minor_capsid_3	Family	1	114	117	56.1	4.20E-15	1	CL0691
IMGVR_UViG_3300028601_000032.3300028601.Ga0265295_1000600_3	446	571	418	573	PF13229.10	Beta_helix	Repeat	45	156	158	26.2	5.70E-06	1	CL0268
IMGVR_UViG_3300028601_000032.3300028601.Ga0265295_1000600_3	670	801	654	807	PF13229.10	Beta_helix	Repeat	10	126	158	34.1	2.20E-08	1	CL0268
IMGVR_UViG_3300028601_000032.3300028601.Ga0265295_1000600_33	197	350	195	355	PF13229.10	Beta_helix	Repeat	3	144	158	26.5	4.90E-06	1	CL0268
IMGVR_UViG_3300028601_000032.3300028601.Ga0265295_1000600_33	653	815	650	835	PF08480.14	Disaggr_assoc	Repeat	4	164	194	109.8	1.80E-31	1	CL0268
IMGVR_UViG_3300028601_000032.3300028601.Ga0265295_1000600_65	35	70	23	81	PF01316.25	Arg_repressor	Domain	14	51	70	27.4	2.30E-06	1	CL0123
IMGVR_UViG_3300028601_000032.3300028601.Ga0265295_1000600_66	1	129	1	130	PF08004.15	DUF1699	Family	1	129	130	157.1	2.00E-46	1	No_Clan
IMGVR_UViG_3300028601_000032.3300028601.Ga0265295_1000600_73	3	181	3	182	PF06848.15	Disaggr_repeat	Repeat	1	178	179	249.7	1.60E-74	1	No_Clan
IMGVR_UViG_3300028601_000032.3300028601.Ga0265295_1000600_78	265	409	264	414	PF08480.14	Disaggr_assoc	Repeat	2	151	194	65.1	9.10E-18	1	CL0268
IMGVR_UViG_3300028601_000032.3300028601.Ga0265295_1000600_79	64	251	61	253	PF20155.3	TMP_3	Family	4	190	192	43.9	2.50E-11	1	No_Clan
IMGVR_UViG_3300028601_000032.3300028601.Ga0265295_1000600_82	38	137	34	140	PF16461.9	Phage_TTP_12	Family	30	131	134	44.8	1.10E-11	1	CL0504
IMGVR_UViG_3300028601_000032.3300028601.Ga0265295_1000600_82	147	240	146	241	PF12733.11	Cadherin-like	Domain	2	88	89	26.7	6.70E-06	1	CL0159
IMGVR_UViG_3300028601_000032.3300028601.Ga0265295_1000600_83	10	128	10	129	PF12691.11	Minor_capsid_3	Family	1	115	117	33.4	4.70E-08	1	CL0691
IMGVR_UViG_3300028601_000032.3300028601.Ga0265295_1000600_90	616	696	614	696	PF18911.4	PKD_4	Domain	3	85	85	48.3	8.70E-13	1	CL0159
IMGVR_UViG_3300028602_001425.3300028602.Ga0265294_10002456_9	13	124	13	125	PF12691.11	Minor_capsid_3	Family	1	115	117	45.7	7.10E-12	1	CL0691
IMGVR_UViG_3300028602_001425.3300028602.Ga0265294_10002456_13	248	404	246	409	PF08480.14	Disaggr_assoc	Repeat	3	157	194	68.3	9.20E-19	1	CL0268
IMGVR_UViG_3300028602_001425.3300028602.Ga0265294_10002456_23	1	129	1	130	PF08004.15	DUF1699	Family	1	129	130	155.9	4.80E-46	1	No_Clan
IMGVR_UViG_3300028602_001015.3300028602.Ga0265294_10006687_1	265	410	264	415	PF08480.14	Disaggr_assoc	Repeat	2	152	194	68.6	7.50E-19	1	CL0268
IMGVR_UViG_3300028602_001015.3300028602.Ga0265294_10006687_2	168	354	167	364	PF10145.13	PhageMin_Tail	Family	2	191	201	165.9	1.10E-48	1	No_Clan
IMGVR_UViG_3300028602_001015.3300028602.Ga0265294_10006687_5	21	133	7	135	PF16461.9	Phage_TTP_12	Family	18	132	134	44.8	1.10E-11	1	CL0504
IMGVR_UViG_3300028602_001015.3300028602.Ga0265294_10006687_5	141	232	141	232	PF12733.11	Cadherin-like	Domain	1	89	89	46.1	6.00E-12	1	CL0159
IMGVR_UViG_3300028602_001015.3300028602.Ga0265294_10006687_11	554	718	553	718	PF13385.10	Laminin_G_3	Domain	2	151	151	59.7	4.10E-16	1	CL0004
IMGVR_UViG_3300028602_001015.3300028602.Ga0265294_10006687_11	753	819	742	819	PF18911.4	PKD_4	Domain	19	85	85	47.7	1.30E-12	1	CL0159
IMGVR_UViG_3300028602_000043.3300028602.Ga0265294_10001075_3	127	224	92	252	PF13229.10	Beta_helix	Repeat	23	115	158	30	3.90E-07	1	CL0268
IMGVR_UViG_3300028602_000043.3300028602.Ga0265294_10001075_4	112	302	111	308	PF10145.13	PhageMin_Tail	Family	2	195	201	166.3	8.60E-49	1	No_Clan
IMGVR_UViG_3300028602_000223.3300028602.Ga0265294_10007625_10	18	56	18	56	PF18454.5	Mtd_N	Domain	1	37	37	59.7	2.10E-16	1	CL0737
IMGVR_UViG_3300028603_000861.3300028603.Ga0265293_10029199_1	18	251	16	282	PF18906.4	Phage_tube_2	Family	4	221	269	32.8	5.80E-08	1	No_Clan
IMGVR_UViG_3300028603_000861.3300028603.Ga0265293_10029199_3	11	80	8	80	PF04883.16	HK97-gp10_like	Family	7	78	78	31.2	3.80E-07	1	CL0348
IMGVR_UViG_3300028603_000861.3300028603.Ga0265293_10029199_8	6	59	2	60	PF04233.18	Phage_Mu_F	Family	66	111	112	34.7	2.70E-08	1	No_Clan
IMGVR_UViG_3300028888_001581.3300028888.Ga0247609_10023716_3	6	242	2	265	PF18906.4	Phage_tube_2	Family	7	222	269	29.4	6.40E-07	1	No_Clan
IMGVR_UViG_3300029202_000136.3300029202.Ga0167843_101208_13	9	235	5	260	PF04454.16	Linocin_M18	Family	16	219	253	51.7	8.00E-14	1	CL0373
IMGVR_UViG_3300029775_000002.3300029775.Ga0134843_1000443_18	145	288	102	304	PF13229.10	Beta_helix	Repeat	6	124	158	28.5	1.10E-06	1	CL0268
IMGVR_UViG_3300029775_000002.3300029775.Ga0134843_1000443_37	9	235	5	261	PF04454.16	Linocin_M18	Family	16	219	253	50.9	1.40E-13	1	CL0373
IMGVR_UViG_3300029775_000002.3300029775.Ga0134843_1000443_41	13	89	13	89	PF04883.16	HK97-gp10_like	Family	1	78	78	43.7	4.70E-11	1	CL0348
IMGVR_UViG_3300029775_000002.3300029775.Ga0134843_1000443_43	5	116	5	116	PF11367.12	DUF3168	Family	1	117	117	44.8	1.40E-11	1	CL0691
IMGVR_UViG_3300029775_000002.3300029775.Ga0134843_1000443_47	98	289	97	299	PF10145.13	PhageMin_Tail	Family	2	192	201	113.6	1.10E-32	1	No_Clan
IMGVR_UViG_3300029775_000002.3300029775.Ga0134843_1000443_52	39	113	39	115	PF10102.13	DUF2341	Family	1	82	84	53.6	2.70E-14	1	No_Clan
IMGVR_UViG_3300029775_000002.3300029775.Ga0134843_1000443_52	489	564	489	565	PF10102.13	DUF2341	Family	1	83	84	56.1	4.80E-15	1	No_Clan
IMGVR_UViG_3300029775_000002.3300029775.Ga0134843_1000443_53	243	387	243	427	PF08480.14	Disaggr_assoc	Repeat	1	146	194	63.1	3.70E-17	1	CL0268
IMGVR_UViG_3300029775_000002.3300029775.Ga0134843_1000443_57	1	129	1	130	PF08004.15	DUF1699	Family	1	129	130	162.2	5.20E-48	1	No_Clan
IMGVR_UViG_3300029822_000014.3300029822.Ga0134854_1000515_5	115	378	60	381	PF04860.16	Phage_portal	Family	56	318	321	96.5	1.90E-27	1	No_Clan
IMGVR_UViG_3300029822_000014.3300029822.Ga0134854_1000515_8	38	213	27	280	PF05065.17	Phage_capsid	Family	10	181	280	25.3	9.70E-06	1	CL0373
IMGVR_UViG_3300029822_000014.3300029822.Ga0134854_1000515_9	19	83	17	86	PF17802.5	SpaA	Domain	3	66	69	27.1	3.60E-06	1	CL0287
IMGVR_UViG_3300029822_000014.3300029822.Ga0134854_1000515_28	322	483	321	485	PF13229.10	Beta_helix	Repeat	2	156	158	61	1.20E-16	1	CL0268
IMGVR_UViG_3300029822_000014.3300029822.Ga0134854_1000515_30	83	323	81	334	PF04865.18	Baseplate_J	Family	3	237	255	92.5	2.90E-26	1	No_Clan
IMGVR_UViG_3300029822_000014.3300029822.Ga0134854_1000515_31	396	470	387	472	PF16640.9	Big_3_5	Domain	10	88	90	41.7	1.10E-10	1	CL0159
IMGVR_UViG_3300029822_000863.3300029822.Ga0134854_1000655_4	707	874	700	883	PF07382.15	HC2	Disordered	4	169	194	45.9	8.00E-12	1	No_Clan
IMGVR_UViG_3300029822_000863.3300029822.Ga0134854_1000655_23	448	528	447	529	PF13620.10	CarboxypepD_reg	Domain	2	81	82	37.5	2.80E-09	1	CL0287
IMGVR_UViG_3300029822_000863.3300029822.Ga0134854_1000655_35	91	258	72	301	PF05048.17	NosD	Repeat	14	172	212	45.2	8.30E-12	1	CL0268
IMGVR_UViG_3300029825_000201.3300029825.Ga0134835_1010285_4	10	127	10	128	PF12691.11	Minor_capsid_3	Family	1	116	117	48.8	8.00E-13	1	CL0691
IMGVR_UViG_3300029871_000021.3300029871.Ga0245314_100772_9	13	78	7	78	PF04883.16	HK97-gp10_like	Family	7	78	78	30.6	5.80E-07	1	CL0348
IMGVR_UViG_3300029871_000021.3300029871.Ga0245314_100772_15	146	228	146	234	PF16640.9	Big_3_5	Domain	1	83	90	40.5	2.70E-10	1	CL0159
IMGVR_UViG_3300029871_000021.3300029871.Ga0245314_100772_21	11	51	10	53	PF04014.22	MazE_antitoxin	Domain	2	43	47	31.4	1.40E-07	1	CL0132
IMGVR_UViG_3300029871_000021.3300029871.Ga0245314_100772_45	76	443	74	448	PF04860.16	Phage_portal	Family	4	316	321	66.8	2.00E-18	1	No_Clan
IMGVR_UViG_3300029959_000156.3300029959.Ga0272380_10005864_15	200	363	199	363	PF04984.18	Phage_sheath_1	Domain	3	168	168	36.9	3.60E-09	1	No_Clan
IMGVR_UViG_3300029959_000156.3300029959.Ga0272380_10005864_22	324	411	315	412	PF01841.23	Transglut_core	Family	11	107	108	39.1	9.10E-10	1	CL0125
IMGVR_UViG_3300029959_000156.3300029959.Ga0272380_10005864_24	11	109	7	109	PF10934.12	DUF2634	Family	5	104	104	47.2	2.10E-12	1	CL0763
IMGVR_UViG_3300030493_000071.3300030493.Ga0310040_1001052_7	80	322	78	345	PF04865.18	Baseplate_J	Family	3	242	255	136	1.60E-39	1	No_Clan
IMGVR_UViG_3300030493_000071.3300030493.Ga0310040_1001052_11	328	415	319	416	PF01841.23	Transglut_core	Family	11	107	108	33.2	6.00E-08	1	CL0125
IMGVR_UViG_3300030493_000071.3300030493.Ga0310040_1001052_12	157	215	153	215	PF01471.22	PG_binding_1	Domain	5	57	57	68.1	6.40E-19	1	CL0244
IMGVR_UViG_3300031673_000173.3300031673.Ga0307377_10000840_2	47	272	29	274	PF17236.6	DUF5309	Family	62	281	283	68	8.80E-19	1	CL0373
IMGVR_UViG_3300031673_000173.3300031673.Ga0307377_10000840_41	15	40	14	43	PF04014.22	MazE_antitoxin	Domain	7	32	47	26	6.80E-06	1	CL0132
IMGVR_UViG_3300031673_000173.3300031673.Ga0307377_10000840_51	121	300	103	300	PF10145.13	PhageMin_Tail	Family	25	201	201	71.3	1.10E-19	1	No_Clan
IMGVR_UViG_3300031673_000173.3300031673.Ga0307377_10000840_54	40	140	17	141	PF06199.15	Phage_tail_2	Family	36	133	134	31.8	1.40E-07	1	CL0504
IMGVR_UViG_3300031673_000173.3300031673.Ga0307377_10000840_60	30	111	19	143	PF20557.2	DnaT_2	Domain	32	110	168	42.3	7.70E-11	1	No_Clan
IMGVR_UViG_3300031760_000133.3300031760.Ga0326513_10000217_12	96	443	95	481	PF04860.16	Phage_portal	Family	3	287	321	44.2	1.60E-11	1	No_Clan
IMGVR_UViG_3300031760_000133.3300031760.Ga0326513_10000217_13	212	317	205	320	PF04233.18	Phage_Mu_F	Family	12	109	112	44.6	2.30E-11	1	No_Clan
IMGVR_UViG_3300031760_000529.3300031760.Ga0326513_10000883_4	79	446	77	447	PF04860.16	Phage_portal	Family	5	315	321	55.8	4.40E-15	1	No_Clan
IMGVR_UViG_3300031760_000529.3300031760.Ga0326513_10000883_9	44	322	32	324	PF05065.17	Phage_capsid	Family	10	278	280	32.3	7.20E-08	1	CL0373
IMGVR_UViG_3300031760_000529.3300031760.Ga0326513_10000883_14	6	242	2	260	PF18906.4	Phage_tube_2	Family	7	222	269	29	8.10E-07	1	No_Clan
IMGVR_UViG_3300031760_000529.3300031760.Ga0326513_10000883_16	185	362	161	365	PF10145.13	PhageMin_Tail	Family	13	198	201	37.5	2.40E-09	1	No_Clan
IMGVR_UViG_3300031760_006869.3300031760.Ga0326513_10000321_1	143	222	135	222	PF16640.9	Big_3_5	Domain	9	90	90	49.1	5.60E-13	1	CL0159
IMGVR_UViG_3300031760_006869.3300031760.Ga0326513_10000321_13	15	156	13	170	PF13479.10	AAA_24	Domain	3	147	195	50.9	1.80E-13	1	CL0023
IMGVR_UViG_3300031760_006869.3300031760.Ga0326513_10000321_31	4	110	4	111	PF04266.18	ASCH	Domain	1	102	103	49.7	5.30E-13	1	CL0178
IMGVR_UViG_3300031760_006869.3300031760.Ga0326513_10000321_38	79	359	59	379	PF06074.16	DUF935	Family	90	367	517	34	1.60E-08	1	No_Clan
IMGVR_UViG_3300031760_006869.3300031760.Ga0326513_10000321_40	187	313	154	315	PF10123.13	Mu-like_Pro	Family	200	316	327	27.2	3.10E-06	1	No_Clan
IMGVR_UViG_3300031760_006869.3300031760.Ga0326513_10000321_47	5	297	2	300	PF18906.4	Phage_tube_2	Family	6	266	269	65.2	7.80E-18	1	No_Clan
IMGVR_UViG_3300031760_003984.3300031760.Ga0326513_10005134_4	36	322	30	324	PF05065.17	Phage_capsid	Family	8	278	280	34.1	2.00E-08	1	CL0373
IMGVR_UViG_3300031760_000087.3300031760.Ga0326513_10000143_36	246	302	236	306	PF01807.24	zf-CHC2	Domain	17	72	98	40.5	2.10E-10	1	CL0167
IMGVR_UViG_3300031853_000022.3300031853.Ga0326514_10000034_9	159	191	140	199	PF07509.15	DUF1523	Family	119	151	176	23.4	3.60E-05	1	No_Clan
IMGVR_UViG_3300031853_000022.3300031853.Ga0326514_10000034_38	54	164	50	178	PF13401.10	AAA_22	Domain	7	103	130	33.1	6.80E-08	1	CL0023
IMGVR_UViG_3300031853_000022.3300031853.Ga0326514_10000034_48	75	313	74	323	PF04865.18	Baseplate_J	Family	2	239	255	63.2	2.50E-17	1	No_Clan
IMGVR_UViG_3300031853_000022.3300031853.Ga0326514_10000034_53	50	105	49	105	PF01471.22	PG_binding_1	Domain	2	57	57	57.4	1.40E-15	1	CL0244
IMGVR_UViG_3300031853_000022.3300031853.Ga0326514_10000034_67	51	374	50	374	PF04860.16	Phage_portal	Family	3	321	321	100.9	8.70E-29	1	No_Clan
IMGVR_UViG_3300031853_000022.3300031853.Ga0326514_10000034_77	6	67	4	67	PF00808.27	CBFD_NFYB_HMF	Domain	3	65	65	41.5	1.40E-10	1	CL0012
IMGVR_UViG_3300031853_000022.3300031853.Ga0326514_10000034_90	40	205	39	214	PF01507.23	PAPS_reduct	Family	2	165	175	43.4	4.10E-11	1	CL0039
IMGVR_UViG_3300031853_000142.3300031853.Ga0326514_10000248_8	6	96	1	103	PF10482.13	CtIP_N	Coiled-coil	10	95	120	28	2.00E-06	1	No_Clan
IMGVR_UViG_3300031853_000142.3300031853.Ga0326514_10000248_14	48	325	34	327	PF05065.17	Phage_capsid	Family	11	278	280	31	1.80E-07	1	CL0373
IMGVR_UViG_3300031867_007357.3300031867.Ga0326511_10001334_9	15	80	8	80	PF04883.16	HK97-gp10_like	Family	12	78	78	33.1	9.90E-08	1	CL0348
IMGVR_UViG_3300031867_007357.3300031867.Ga0326511_10001334_13	30	138	5	154	PF04586.21	Peptidase_S78	Family	27	150	164	22.8	9.30E-05	1	CL0201
IMGVR_UViG_3300031867_007357.3300031867.Ga0326511_10001334_14	155	239	129	241	PF04233.18	Phage_Mu_F	Family	25	110	112	36.5	7.30E-09	1	No_Clan
IMGVR_UViG_3300031867_009177.3300031867.Ga0326511_10005105_22	7	52	5	53	PF01391.22	Collagen	Repeat	4	49	60	36.8	2.80E-09	1	No_Clan
IMGVR_UViG_3300031867_000452.3300031867.Ga0326511_10000777_5	55	86	51	93	PF12789.11	PTR	Repeat	18	49	60	36.1	5.90E-09	1	No_Clan
IMGVR_UViG_3300031867_000452.3300031867.Ga0326511_10000777_5	112	165	107	165	PF12789.11	PTR	Repeat	6	59	60	65.6	3.50E-18	1	No_Clan
IMGVR_UViG_3300031867_000452.3300031867.Ga0326511_10000777_5	132	177	131	187	PF12789.11	PTR	Repeat	4	49	60	53.7	1.80E-14	1	No_Clan
IMGVR_UViG_3300031867_000452.3300031867.Ga0326511_10000777_5	203	227	199	252	PF12789.11	PTR	Repeat	6	30	60	25.7	1.00E-05	1	No_Clan
IMGVR_UViG_3300031867_000452.3300031867.Ga0326511_10000777_11	80	243	80	248	PF04865.18	Baseplate_J	Family	1	148	255	52.6	4.40E-14	1	No_Clan
IMGVR_UViG_3300031867_000452.3300031867.Ga0326511_10000777_12	7	106	7	109	PF10934.12	DUF2634	Family	1	100	104	43.4	3.20E-11	1	CL0763
IMGVR_UViG_3300031867_000452.3300031867.Ga0326511_10000777_24	16	100	16	102	PF13620.10	CarboxypepD_reg	Domain	1	80	82	34.3	2.70E-08	1	CL0287
IMGVR_UViG_3300031867_000452.3300031867.Ga0326511_10000777_26	4	112	1	114	PF14550.10	Peptidase_S78_2	Family	8	117	120	51.5	1.10E-13	1	CL0201
IMGVR_UViG_3300031867_009184.3300031867.Ga0326511_10018128_2	18	79	17	79	PF01471.22	PG_binding_1	Domain	2	57	57	54.7	9.40E-15	1	CL0244
IMGVR_UViG_3300031933_000299.3300031933.Ga0326349_1000268_37	40	124	37	126	PF18022.5	Lectin_C_term	Domain	4	100	102	29.2	1.10E-06	1	CL0066
IMGVR_UViG_3300031951_000283.3300031951.Ga0315904_10000894_10	8	204	4	226	PF19541.3	DUF6065	Family	5	212	236	104.2	8.10E-30	1	No_Clan
IMGVR_UViG_3300031951_000283.3300031951.Ga0315904_10000894_17	6	43	5	43	PF18454.5	Mtd_N	Domain	2	37	37	52.4	4.20E-14	1	CL0737
IMGVR_UViG_3300031951_000283.3300031951.Ga0315904_10000894_37	40	80	38	94	PF01391.22	Collagen	Repeat	7	47	60	28.5	1.10E-06	1	No_Clan
IMGVR_UViG_3300031951_000283.3300031951.Ga0315904_10000894_69	83	305	82	314	PF06067.15	DUF932	Family	2	216	227	165.7	1.50E-48	1	No_Clan
IMGVR_UViG_3300031951_000283.3300031951.Ga0315904_10000894_72	118	175	101	196	PF18406.5	DUF1281_C	Domain	7	65	88	52.1	5.60E-14	1	No_Clan
IMGVR_UViG_3300031987_000009.3300031987.Ga0326338_100029_1	19	94	5	108	PF10651.13	BppU_N	Domain	34	107	143	34.5	1.80E-08	1	No_Clan
IMGVR_UViG_3300031987_000009.3300031987.Ga0326338_100029_4	69	286	68	288	PF03237.19	Terminase_6N	Domain	2	213	215	42.8	5.20E-11	1	CL0023
IMGVR_UViG_3300031987_000009.3300031987.Ga0326338_100029_5	102	379	71	381	PF04860.16	Phage_portal	Family	53	319	321	42.1	6.90E-11	1	No_Clan
IMGVR_UViG_3300031987_000009.3300031987.Ga0326338_100029_13	6	104	2	117	PF07030.16	Phage_Mu_Gp36	Family	5	108	124	28.8	1.30E-06	1	No_Clan
IMGVR_UViG_3300032007_000060.3300032007.Ga0310695_10000711_115	629	713	627	714	PF16640.9	Big_3_5	Domain	3	89	90	39.2	7.20E-10	1	CL0159
IMGVR_UViG_3300032007_000060.3300032007.Ga0310695_10000711_115	828	874	826	886	PF02369.20	Big_1	Domain	5	52	64	39	6.90E-10	1	CL0159
IMGVR_UViG_3300032007_000060.3300032007.Ga0310695_10000711_116	84	288	78	315	PF04865.18	Baseplate_J	Family	7	215	255	79.9	2.00E-22	1	No_Clan
IMGVR_UViG_3300032007_000060.3300032007.Ga0310695_10000711_135	136	254	135	255	PF04233.18	Phage_Mu_F	Family	2	110	112	49	1.00E-12	1	No_Clan
IMGVR_UViG_3300032007_000060.3300032007.Ga0310695_10000711_136	45	374	44	375	PF04860.16	Phage_portal	Family	2	318	321	114.2	7.90E-33	1	No_Clan
IMGVR_UViG_3300032007_000614.3300032007.Ga0310695_10011886_15	12	77	7	77	PF04883.16	HK97-gp10_like	Family	7	78	78	29.3	1.50E-06	1	CL0348
IMGVR_UViG_3300032007_000614.3300032007.Ga0310695_10011886_17	9	249	2	252	PF18906.4	Phage_tube_2	Family	10	222	269	37	3.00E-09	1	No_Clan
IMGVR_UViG_3300032007_003107.3300032007.Ga0310695_10008761_2	130	288	119	313	PF17236.6	DUF5309	Family	87	258	283	28	1.40E-06	1	CL0373
IMGVR_UViG_3300032007_003107.3300032007.Ga0310695_10008761_3	26	97	25	103	PF13620.10	CarboxypepD_reg	Domain	2	74	82	51.2	1.40E-13	1	CL0287
IMGVR_UViG_3300032030_001728.3300032030.Ga0310697_10006718_10	25	93	21	93	PF13620.10	CarboxypepD_reg	Domain	5	82	82	37.3	3.10E-09	1	CL0287
IMGVR_UViG_3300032030_001728.3300032030.Ga0310697_10006718_11	132	286	98	301	PF17236.6	DUF5309	Family	91	256	283	33.9	2.20E-08	1	CL0373
IMGVR_UViG_3300032030_001728.3300032030.Ga0310697_10006718_13	135	255	134	257	PF04233.18	Phage_Mu_F	Family	2	110	112	40.7	3.90E-10	1	No_Clan
IMGVR_UViG_3300032030_001728.3300032030.Ga0310697_10006718_14	1	86	1	89	PF04860.16	Phage_portal	Family	234	318	321	40.8	1.70E-10	1	No_Clan
IMGVR_UViG_3300032038_003204.3300032038.Ga0326512_10015754_1	185	362	175	365	PF10145.13	PhageMin_Tail	Family	13	198	201	39.7	5.00E-10	1	No_Clan
IMGVR_UViG_3300032038_003204.3300032038.Ga0326512_10015754_3	6	242	2	260	PF18906.4	Phage_tube_2	Family	7	222	269	32.3	8.40E-08	1	No_Clan
IMGVR_UViG_3300032038_000308.3300032038.Ga0326512_10000437_2	140	252	138	254	PF04233.18	Phage_Mu_F	Family	3	110	112	53.3	4.70E-14	1	No_Clan
IMGVR_UViG_3300032038_000308.3300032038.Ga0326512_10000437_6	45	322	31	324	PF05065.17	Phage_capsid	Family	11	278	280	31.6	1.20E-07	1	CL0373
IMGVR_UViG_3300032038_000308.3300032038.Ga0326512_10000437_11	12	248	8	266	PF18906.4	Phage_tube_2	Family	7	222	269	32	1.00E-07	1	No_Clan
IMGVR_UViG_3300032038_000308.3300032038.Ga0326512_10000437_14	185	362	177	365	PF10145.13	PhageMin_Tail	Family	13	198	201	39.6	5.50E-10	1	No_Clan
IMGVR_UViG_3300032038_003860.3300032038.Ga0326512_10025122_2	6	242	2	265	PF18906.4	Phage_tube_2	Family	7	222	269	33	5.20E-08	1	No_Clan
IMGVR_UViG_3300032038_003860.3300032038.Ga0326512_10025122_4	185	362	177	365	PF10145.13	PhageMin_Tail	Family	13	198	201	39.9	4.50E-10	1	No_Clan
IMGVR_UViG_3300032038_000428.3300032038.Ga0326512_10000584_31	65	399	63	446	PF06074.16	DUF935	Family	72	402	517	50.9	1.20E-13	1	No_Clan
IMGVR_UViG_3300032038_000428.3300032038.Ga0326512_10000584_49	76	309	75	321	PF04865.18	Baseplate_J	Family	2	238	255	101.1	7.00E-29	1	No_Clan
IMGVR_UViG_3300032038_000428.3300032038.Ga0326512_10000584_54	294	421	276	428	PF13306.10	LRR_5	Repeat	1	125	127	148	1.40E-43	1	CL0022
IMGVR_UViG_3300032259_000006.3300032259.Ga0316190_10000114_64	930	1065	930	1069	PF18760.5	ART-PolyVal	Family	1	129	134	48.3	2.10E-12	1	CL0084
IMGVR_UViG_3300032259_000006.3300032259.Ga0316190_10000114_64	1325	1514	1325	1514	PF18760.5	ART-PolyVal	Family	1	134	134	78	1.40E-21	1	CL0084
IMGVR_UViG_3300032259_000006.3300032259.Ga0316190_10000114_64	1546	1595	1546	1604	PF18760.5	ART-PolyVal	Family	1	47	134	40.3	6.20E-10	1	CL0084
IMGVR_UViG_3300032259_000006.3300032259.Ga0316190_10000114_64	1619	1808	1604	1808	PF18760.5	ART-PolyVal	Family	31	134	134	34.7	3.20E-08	1	CL0084
IMGVR_UViG_3300032259_000006.3300032259.Ga0316190_10000114_64	1869	2081	1859	2081	PF18858.5	LPD39	Domain	14	196	196	110.6	8.70E-32	1	No_Clan
IMGVR_UViG_3300033178_000008.3300033178.Ga0334885_1001133_50	11	287	11	332	PF18906.4	Phage_tube_2	Family	6	246	269	57.7	1.40E-15	1	No_Clan
IMGVR_UViG_3300033178_000167.3300033178.Ga0334885_1001458_41	105	134	104	135	PF09373.14	PMBR	Repeat	3	32	33	25.3	1.20E-05	1	No_Clan
IMGVR_UViG_3300033178_000167.3300033178.Ga0334885_1001458_41	148	261	141	267	PF12386.12	Peptidase_C71	Family	8	132	149	45.1	9.80E-12	1	CL0125
IMGVR_UViG_3300033178_000167.3300033178.Ga0334885_1001458_44	206	286	206	287	PF10102.13	DUF2341	Family	1	83	84	44.4	2.10E-11	1	No_Clan
IMGVR_UViG_3300033178_000001.3300033178.Ga0334885_1000507_4	3	36	3	48	PF00462.28	Glutaredoxin	Domain	1	34	60	25.8	1.00E-05	1	CL0172
IMGVR_UViG_3300033178_000001.3300033178.Ga0334885_1000507_18	69	245	66	273	PF04865.18	Baseplate_J	Family	4	175	255	59.6	3.10E-16	1	No_Clan
IMGVR_UViG_3300033178_000001.3300033178.Ga0334885_1000507_41	45	155	27	160	PF09979.13	DUF2213	Family	49	157	168	28	2.10E-06	1	CL0201
IMGVR_UViG_3300033178_000001.3300033178.Ga0334885_1000507_51	363	511	362	512	PF17289.6	Terminase_6C	Domain	2	154	155	36.5	5.10E-09	1	CL0219
IMGVR_UViG_3300035050_000070.3300035050.Ga0376522_000413_13	18	131	7	132	PF16461.9	Phage_TTP_12	Family	21	133	134	63.7	1.60E-17	1	CL0504
IMGVR_UViG_3300035050_000070.3300035050.Ga0376522_000413_14	26	130	3	131	PF16461.9	Phage_TTP_12	Family	30	133	134	40.4	2.40E-10	1	CL0504
IMGVR_UViG_3300035050_000070.3300035050.Ga0376522_000413_14	163	236	151	236	PF12733.11	Cadherin-like	Domain	14	89	89	36.7	5.10E-09	1	CL0159
IMGVR_UViG_3300035050_000070.3300035050.Ga0376522_000413_17	114	194	97	194	PF10145.13	PhageMin_Tail	Family	125	201	201	39.6	5.40E-10	1	No_Clan
IMGVR_UViG_3300035050_000070.3300035050.Ga0376522_000413_47	78	211	62	216	PF00303.23	Thymidylat_synt	Domain	80	224	266	55.1	6.80E-15	1	No_Clan
IMGVR_UViG_3300035051_000093.3300035051.Ga0376523_003068_13	18	131	7	132	PF16461.9	Phage_TTP_12	Family	21	133	134	63.7	1.60E-17	1	CL0504
IMGVR_UViG_3300035051_000093.3300035051.Ga0376523_003068_14	26	130	3	131	PF16461.9	Phage_TTP_12	Family	30	133	134	40.4	2.40E-10	1	CL0504
IMGVR_UViG_3300035051_000093.3300035051.Ga0376523_003068_14	163	236	151	236	PF12733.11	Cadherin-like	Domain	14	89	89	36.7	5.10E-09	1	CL0159
IMGVR_UViG_3300035208_002864.3300035208.Ga0376279_0008030_8	275	429	274	471	PF08480.14	Disaggr_assoc	Repeat	2	151	194	50.4	2.80E-13	1	CL0268
IMGVR_UViG_3300035208_002864.3300035208.Ga0376279_0008030_8	721	871	719	875	PF13385.10	Laminin_G_3	Domain	2	147	151	53.1	4.40E-14	1	CL0004
IMGVR_UViG_3300035208_003079.3300035208.Ga0376279_0004514_4	10	128	10	129	PF12691.11	Minor_capsid_3	Family	1	115	117	36.6	4.90E-09	1	CL0691
IMGVR_UViG_3300035208_003079.3300035208.Ga0376279_0004514_5	41	139	36	142	PF16461.9	Phage_TTP_12	Family	31	131	134	47.9	1.20E-12	1	CL0504
IMGVR_UViG_3300035208_003079.3300035208.Ga0376279_0004514_5	149	240	148	241	PF12733.11	Cadherin-like	Domain	2	88	89	26.9	5.70E-06	1	CL0159
IMGVR_UViG_3300035208_003079.3300035208.Ga0376279_0004514_8	64	251	61	253	PF20155.3	TMP_3	Family	4	190	192	42.3	7.70E-11	1	No_Clan
IMGVR_UViG_3300035208_003079.3300035208.Ga0376279_0004514_9	248	405	246	417	PF08480.14	Disaggr_assoc	Repeat	3	158	194	61.8	9.40E-17	1	CL0268
IMGVR_UViG_3300035208_003079.3300035208.Ga0376279_0004514_11	96	134	96	134	PF18454.5	Mtd_N	Domain	1	37	37	49.5	3.20E-13	1	CL0737
IMGVR_UViG_3300035208_003079.3300035208.Ga0376279_0004514_11	191	256	191	262	PF10102.13	DUF2341	Family	1	68	84	25.8	1.30E-05	1	No_Clan
IMGVR_UViG_3300035338_000008.3300035338.Ga0119852_00494_8	94	210	90	213	PF14550.10	Peptidase_S78_2	Family	5	111	120	66.8	1.90E-18	1	CL0201
IMGVR_UViG_3300035338_000008.3300035338.Ga0119852_00494_15	201	364	199	364	PF04984.18	Phage_sheath_1	Domain	3	168	168	36.7	4.10E-09	1	No_Clan
IMGVR_UViG_3300035338_000008.3300035338.Ga0119852_00494_24	13	109	9	111	PF10934.12	DUF2634	Family	5	102	104	44.2	1.90E-11	1	CL0763
IMGVR_UViG_3300035338_000008.3300035338.Ga0119852_00494_25	79	321	77	344	PF04865.18	Baseplate_J	Family	3	242	255	132.2	2.30E-38	1	No_Clan
IMGVR_UViG_3300035454_001408.3300035454.Ga0394088_002781_2	126	155	125	156	PF09373.14	PMBR	Repeat	3	32	33	25.2	1.30E-05	1	No_Clan
IMGVR_UViG_3300035454_001408.3300035454.Ga0394088_002781_2	166	282	162	288	PF12386.12	Peptidase_C71	Family	5	132	149	46.1	4.80E-12	1	CL0125
IMGVR_UViG_3300035454_001408.3300035454.Ga0394088_002781_3	312	460	298	461	PF13385.10	Laminin_G_3	Domain	15	150	151	49.1	7.40E-13	1	CL0004
IMGVR_UViG_3300035454_001408.3300035454.Ga0394088_002781_6	221	347	216	349	PF17851.5	GH43_C2	Domain	61	201	203	28.4	1.40E-06	1	CL0004
IMGVR_UViG_3300035454_001408.3300035454.Ga0394088_002781_14	6	306	6	306	PF18906.4	Phage_tube_2	Family	1	269	269	77.4	1.50E-21	1	No_Clan
IMGVR_UViG_3300035531_000210.3300035531.Ga0376493_006640_2	37	73	25	76	PF04703.16	FaeA	Domain	15	51	62	27.3	3.80E-06	1	CL0123
IMGVR_UViG_3300035531_000210.3300035531.Ga0376493_006640_8	24	215	23	215	PF04466.17	Terminase_3	Domain	2	201	201	136.7	8.10E-40	1	CL0023
IMGVR_UViG_3300035540_000047.3300035540.Ga0376502_000127_39	8	56	8	61	PF03013.18	Pyr_excise	Domain	1	54	81	44	2.50E-11	1	No_Clan
IMGVR_UViG_3300035540_000047.3300035540.Ga0376502_000127_64	51	208	51	209	PF13385.10	Laminin_G_3	Domain	1	150	151	92.8	2.70E-26	1	CL0004
IMGVR_UViG_3300035540_000047.3300035540.Ga0376502_000127_71	4	208	2	211	PF04454.16	Linocin_M18	Family	9	202	253	99.2	2.50E-28	1	CL0373
IMGVR_UViG_3300035540_000047.3300035540.Ga0376502_000127_79	122	149	122	149	PF07581.16	Glug	Family	1	28	28	25.3	1.50E-05	1	No_Clan
IMGVR_UViG_3300035540_000047.3300035540.Ga0376502_000127_80	108	288	104	337	PF10145.13	PhageMin_Tail	Family	5	185	201	127.1	8.70E-37	1	No_Clan
IMGVR_UViG_3300035544_000087.3300035544.Ga0376506_000397_13	40	124	37	126	PF18022.5	Lectin_C_term	Domain	4	100	102	29.2	1.10E-06	1	CL0066
IMGVR_UViG_3300035544_000087.3300035544.Ga0376506_000397_49	10	48	10	48	PF18454.5	Mtd_N	Domain	1	37	37	55.2	5.60E-15	1	CL0737
IMGVR_UViG_3300035640_000061.3300035640.Ga0394087_08732_3	30	155	29	162	PF14265.10	DUF4355	Family	2	110	124	27.6	3.20E-06	1	No_Clan
IMGVR_UViG_3300035640_000061.3300035640.Ga0394087_08732_4	70	336	60	337	PF17236.6	DUF5309	Family	41	282	283	39.4	4.80E-10	1	CL0373
IMGVR_UViG_3300035640_000061.3300035640.Ga0394087_08732_26	106	304	93	307	PF10145.13	PhageMin_Tail	Family	5	198	201	52.9	4.70E-14	1	No_Clan
IMGVR_UViG_3300035640_000061.3300035640.Ga0394087_08732_29	183	349	183	350	PF13385.10	Laminin_G_3	Domain	1	150	151	43.7	3.40E-11	1	CL0004
IMGVR_UViG_3300036940_000249.3300036940.Ga0377182_000677_13	11	121	8	122	PF09956.13	DUF2190	Domain	5	102	103	34.9	1.70E-08	1	No_Clan
IMGVR_UViG_3300036940_000249.3300036940.Ga0377182_000677_16	2	89	2	89	PF11195.12	DUF2829	Family	1	72	72	72	4.10E-20	1	No_Clan
IMGVR_UViG_3300036943_000163.3300036943.Ga0377187_010073_9	11	124	11	126	PF12691.11	Minor_capsid_3	Family	1	114	117	81.8	4.70E-23	1	CL0691
IMGVR_UViG_3300036943_000163.3300036943.Ga0377187_010073_11	19	132	4	133	PF16461.9	Phage_TTP_12	Family	21	133	134	66	3.10E-18	1	CL0504
IMGVR_UViG_3300037067_018943.3300037067.Ga0378408_0032008_8	10	240	9	240	PF03787.19	RAMPs	Family	2	189	189	33.9	4.70E-08	1	CL0362
IMGVR_UViG_3300037067_009151.3300037067.Ga0378408_0002115_17	185	333	185	334	PF13385.10	Laminin_G_3	Domain	1	149	151	43.9	3.00E-11	1	CL0004
IMGVR_UViG_3300037067_009151.3300037067.Ga0378408_0002115_21	141	339	137	341	PF10145.13	PhageMin_Tail	Family	5	198	201	57.4	2.00E-15	1	No_Clan
IMGVR_UViG_3300037067_009151.3300037067.Ga0378408_0002115_42	70	336	60	337	PF17236.6	DUF5309	Family	41	282	283	39.5	4.20E-10	1	CL0373
IMGVR_UViG_3300037067_009151.3300037067.Ga0378408_0002115_43	30	155	29	162	PF14265.10	DUF4355	Family	2	110	124	28.7	1.40E-06	1	No_Clan
IMGVR_UViG_3300037067_009151.3300037067.Ga0378408_0002115_45	23	160	18	223	PF05133.18	Phage_prot_Gp6	Family	9	144	416	33.2	3.10E-08	1	No_Clan
IMGVR_UViG_3300038312_000294.3300038312.Ga0134836_000398_27	9	235	5	261	PF04454.16	Linocin_M18	Family	16	219	253	50.9	1.40E-13	1	CL0373
IMGVR_UViG_3300038312_000294.3300038312.Ga0134836_000398_31	13	89	13	89	PF04883.16	HK97-gp10_like	Family	1	78	78	43.8	4.40E-11	1	CL0348
IMGVR_UViG_3300038312_000294.3300038312.Ga0134836_000398_33	5	116	5	116	PF11367.12	DUF3168	Family	1	117	117	41.8	1.10E-10	1	CL0691
IMGVR_UViG_3300038312_000294.3300038312.Ga0134836_000398_37	98	289	97	299	PF10145.13	PhageMin_Tail	Family	2	192	201	110.5	1.10E-31	1	No_Clan
IMGVR_UViG_3300038312_000294.3300038312.Ga0134836_000398_42	39	113	39	115	PF10102.13	DUF2341	Family	1	82	84	53.6	2.70E-14	1	No_Clan
IMGVR_UViG_3300038312_000294.3300038312.Ga0134836_000398_42	489	564	489	565	PF10102.13	DUF2341	Family	1	83	84	56.1	4.80E-15	1	No_Clan
IMGVR_UViG_3300038312_000294.3300038312.Ga0134836_000398_43	243	388	243	402	PF08480.14	Disaggr_assoc	Repeat	1	147	194	56.3	4.30E-15	1	CL0268
IMGVR_UViG_3300038312_000294.3300038312.Ga0134836_000398_49	1	129	1	130	PF08004.15	DUF1699	Family	1	129	130	162.2	5.20E-48	1	No_Clan
IMGVR_UViG_3300038312_000294.3300038312.Ga0134836_000398_69	223	296	217	296	PF18911.4	PKD_4	Domain	11	85	85	67.1	1.30E-18	1	CL0159
IMGVR_UViG_3300038312_000294.3300038312.Ga0134836_000398_69	516	592	514	594	PF18911.4	PKD_4	Domain	4	83	85	71.6	4.90E-20	1	CL0159
IMGVR_UViG_3300038312_000294.3300038312.Ga0134836_000398_69	852	931	850	931	PF18911.4	PKD_4	Domain	3	85	85	75.6	2.80E-21	1	CL0159
IMGVR_UViG_3300038312_000294.3300038312.Ga0134836_000398_69	937	1015	934	1016	PF18911.4	PKD_4	Domain	3	84	85	66.1	2.50E-18	1	CL0159
IMGVR_UViG_3300038313_000238.3300038313.Ga0134846_001011_8	18	56	18	56	PF18454.5	Mtd_N	Domain	1	37	37	55	6.50E-15	1	CL0737
IMGVR_UViG_3300038313_000203.3300038313.Ga0134846_003607_13	146	261	146	262	PF04233.18	Phage_Mu_F	Family	1	111	112	58.9	8.20E-16	1	No_Clan
IMGVR_UViG_3300038316_000169.3300038316.Ga0134847_000580_16	18	56	18	56	PF18454.5	Mtd_N	Domain	1	37	37	49.2	4.10E-13	1	CL0737
IMGVR_UViG_3300038316_000169.3300038316.Ga0134847_000580_48	9	235	5	261	PF04454.16	Linocin_M18	Family	16	219	253	53.9	1.70E-14	1	CL0373
IMGVR_UViG_3300038316_000169.3300038316.Ga0134847_000580_52	13	89	13	89	PF04883.16	HK97-gp10_like	Family	1	78	78	44	3.90E-11	1	CL0348
IMGVR_UViG_3300038316_000169.3300038316.Ga0134847_000580_53	5	82	5	116	PF11367.12	DUF3168	Family	1	83	117	40.5	3.00E-10	1	CL0691
IMGVR_UViG_3300038316_000169.3300038316.Ga0134847_000580_57	99	286	97	297	PF10145.13	PhageMin_Tail	Family	3	190	201	92.7	3.10E-26	1	No_Clan
IMGVR_UViG_3300038316_000169.3300038316.Ga0134847_000580_61	40	114	40	116	PF10102.13	DUF2341	Family	1	82	84	53.6	2.80E-14	1	No_Clan
IMGVR_UViG_3300038316_000169.3300038316.Ga0134847_000580_61	514	589	514	590	PF10102.13	DUF2341	Family	1	83	84	55.6	6.50E-15	1	No_Clan
IMGVR_UViG_3300038317_000228.3300038317.Ga0134849_002614_10	15	132	15	133	PF12691.11	Minor_capsid_3	Family	1	116	117	48.6	9.30E-13	1	CL0691
IMGVR_UViG_3300038317_000228.3300038317.Ga0134849_002614_15	268	416	267	425	PF08480.14	Disaggr_assoc	Repeat	2	148	194	50.8	2.10E-13	1	CL0268
IMGVR_UViG_3300038317_000206.3300038317.Ga0134849_001325_6	65	225	63	274	PF03237.19	Terminase_6N	Domain	3	153	215	51.2	1.40E-13	1	CL0023
IMGVR_UViG_3300038317_000206.3300038317.Ga0134849_001325_6	339	478	338	480	PF17289.6	Terminase_6C	Domain	2	151	155	32.9	6.50E-08	1	CL0219
IMGVR_UViG_3300038318_000432.3300038318.Ga0134855_000749_1	2	161	1	161	PF13229.10	Beta_helix	Repeat	6	158	158	54	1.70E-14	1	CL0268
IMGVR_UViG_3300038318_000432.3300038318.Ga0134855_000749_3	131	160	129	160	PF09373.14	PMBR	Repeat	4	33	33	28.2	1.50E-06	1	No_Clan
IMGVR_UViG_3300038318_000432.3300038318.Ga0134855_000749_44	72	232	43	239	PF04466.17	Terminase_3	Domain	31	191	201	35.7	7.30E-09	1	CL0023
IMGVR_UViG_3300038318_000432.3300038318.Ga0134855_000749_57	175	237	171	237	PF01471.22	PG_binding_1	Domain	5	57	57	37.2	2.70E-09	1	CL0244
IMGVR_UViG_3300038318_000432.3300038318.Ga0134855_000749_59	16	110	10	111	PF10934.12	DUF2634	Family	7	103	104	37	3.40E-09	1	CL0763
IMGVR_UViG_3300038318_000432.3300038318.Ga0134855_000749_60	81	312	80	322	PF04865.18	Baseplate_J	Family	2	237	255	79.6	2.50E-22	1	No_Clan
IMGVR_UViG_3300038318_000432.3300038318.Ga0134855_000749_65	317	340	317	340	PF02415.21	Chlam_PMP	Repeat	1	19	19	17.2	0.005	1	CL0268
IMGVR_UViG_3300038675_000398.3300038675.Ga0416708_000395_33	9	219	8	219	PF13476.10	AAA_23	Domain	2	201	201	67.9	2.10E-18	1	CL0023
IMGVR_UViG_3300038675_000398.3300038675.Ga0416708_000395_34	28	198	24	219	PF03837.18	RecT	Family	5	192	198	141.3	3.10E-41	1	No_Clan
IMGVR_UViG_3300038675_000266.3300038675.Ga0416708_001906_7	11	41	9	43	PF04014.22	MazE_antitoxin	Domain	3	33	47	29.1	7.30E-07	1	CL0132
IMGVR_UViG_3300038675_000266.3300038675.Ga0416708_001906_17	88	299	86	299	PF10145.13	PhageMin_Tail	Family	3	201	201	80.9	1.30E-22	1	No_Clan
IMGVR_UViG_3300038675_000266.3300038675.Ga0416708_001906_22	13	114	11	124	PF12691.11	Minor_capsid_3	Family	3	107	117	42.6	6.90E-11	1	CL0691
IMGVR_UViG_3300038956_000340.3300038956.Ga0239562_004776_6	3	92	1	100	PF10651.13	BppU_N	Domain	20	105	143	24.1	2.80E-05	1	No_Clan
IMGVR_UViG_3300038956_000340.3300038956.Ga0239562_004776_9	221	296	217	296	PF18911.4	PKD_4	Domain	9	85	85	67.1	1.20E-18	1	CL0159
IMGVR_UViG_3300038956_000340.3300038956.Ga0239562_004776_9	305	383	303	383	PF18911.4	PKD_4	Domain	4	85	85	79.2	2.00E-22	1	CL0159
IMGVR_UViG_3300038956_000340.3300038956.Ga0239562_004776_9	641	721	640	721	PF18911.4	PKD_4	Domain	2	85	85	75.4	3.20E-21	1	CL0159
IMGVR_UViG_3300038956_000340.3300038956.Ga0239562_004776_9	727	806	725	806	PF18911.4	PKD_4	Domain	3	85	85	73.1	1.60E-20	1	CL0159
IMGVR_UViG_3300038956_000197.3300038956.Ga0239562_002733_1	41	115	41	117	PF10102.13	DUF2341	Family	1	82	84	52.3	7.30E-14	1	No_Clan
IMGVR_UViG_3300038956_000197.3300038956.Ga0239562_002733_11	13	97	13	97	PF04883.16	HK97-gp10_like	Family	1	78	78	25.3	2.60E-05	1	CL0348
IMGVR_UViG_3300038956_000197.3300038956.Ga0239562_002733_15	7	216	3	235	PF04454.16	Linocin_M18	Family	14	204	253	50.1	2.50E-13	1	CL0373
IMGVR_UViG_3300038956_000256.3300038956.Ga0239562_000581_1	4	28	1	29	PF00145.21	DNA_methylase	Domain	299	323	324	23	5.10E-05	1	CL0063
IMGVR_UViG_3300038956_000256.3300038956.Ga0239562_000581_18	33	206	30	239	PF12708.11	Pectate_lyase_3	Repeat	6	173	214	56.4	4.00E-15	1	CL0268
IMGVR_UViG_3300038956_000256.3300038956.Ga0239562_000581_23	234	296	218	296	PF18911.4	PKD_4	Domain	23	85	85	69	3.10E-19	1	CL0159
IMGVR_UViG_3300038956_000256.3300038956.Ga0239562_000581_43	235	394	233	414	PF08480.14	Disaggr_assoc	Repeat	3	160	194	67	2.40E-18	1	CL0268
IMGVR_UViG_3300038956_000256.3300038956.Ga0239562_000581_46	243	388	243	400	PF08480.14	Disaggr_assoc	Repeat	1	147	194	61.4	1.20E-16	1	CL0268
IMGVR_UViG_3300038956_000256.3300038956.Ga0239562_000581_47	156	230	156	232	PF10102.13	DUF2341	Family	1	82	84	52.7	5.30E-14	1	No_Clan
IMGVR_UViG_3300038956_000205.3300038956.Ga0239562_000675_1	14	90	13	90	PF04883.16	HK97-gp10_like	Family	2	78	78	26.8	9.20E-06	1	CL0348
IMGVR_UViG_3300038956_000205.3300038956.Ga0239562_000675_2	7	118	7	118	PF11367.12	DUF3168	Family	1	117	117	48.6	9.30E-13	1	CL0691
IMGVR_UViG_3300038956_000205.3300038956.Ga0239562_000675_6	94	291	93	292	PF10145.13	PhageMin_Tail	Family	2	200	201	179.2	9.50E-53	1	No_Clan
IMGVR_UViG_3300038956_000205.3300038956.Ga0239562_000675_11	41	116	41	117	PF10102.13	DUF2341	Family	1	83	84	52.1	8.20E-14	1	No_Clan
IMGVR_UViG_3300038956_000205.3300038956.Ga0239562_000675_11	491	565	491	567	PF10102.13	DUF2341	Family	1	82	84	54.1	2.00E-14	1	No_Clan
IMGVR_UViG_3300038956_000205.3300038956.Ga0239562_000675_12	243	387	243	402	PF08480.14	Disaggr_assoc	Repeat	1	146	194	55.2	9.40E-15	1	CL0268
IMGVR_UViG_3300042280_000275.3300042280.Ga0451664_000237_1	6	59	5	64	PF00403.30	HMA	Domain	2	57	62	38.6	1.20E-09	1	CL0704
IMGVR_UViG_3300042280_000275.3300042280.Ga0451664_000237_1	84	127	83	160	PF00403.30	HMA	Domain	2	45	62	40.2	3.70E-10	1	CL0704
IMGVR_UViG_3300042280_000275.3300042280.Ga0451664_000237_1	163	204	162	206	PF00403.30	HMA	Domain	2	43	62	36.2	6.50E-09	1	CL0704
IMGVR_UViG_3300042280_000275.3300042280.Ga0451664_000237_11	53	290	14	321	PF00704.32	Glyco_hydro_18	Domain	49	279	317	53.5	3.40E-14	1	CL0036
IMGVR_UViG_3300042280_000275.3300042280.Ga0451664_000237_14	390	471	390	471	PF18994.4	Prophage_tailD1	Domain	1	84	84	57.5	1.30E-15	1	CL0504
IMGVR_UViG_3300042280_000275.3300042280.Ga0451664_000237_14	473	718	473	718	PF06605.15	Prophage_tail	Family	1	267	267	266.8	2.70E-79	1	CL0504
IMGVR_UViG_3300042280_000275.3300042280.Ga0451664_000237_23	1	74	1	98	PF05135.17	Phage_connect_1	Domain	1	76	101	46.9	3.60E-12	1	CL0643
IMGVR_UViG_3300042280_000275.3300042280.Ga0451664_000237_26	11	344	10	344	PF04860.16	Phage_portal	Family	2	321	321	443.2	5.90E-133	1	No_Clan
IMGVR_UViG_3300043112_000088.3300043112.Ga0484783_004192_7	162	338	136	348	PF17236.6	DUF5309	Family	112	252	283	28.6	9.10E-07	1	CL0373
IMGVR_UViG_3300044580_000302.3300044580.Ga0485776_0003649_1	351	437	344	446	PF01345.22	DUF11	Domain	11	98	114	33.9	3.60E-08	1	CL0159
IMGVR_UViG_3300044580_000302.3300044580.Ga0485776_0003649_1	466	535	456	553	PF01345.22	DUF11	Domain	15	88	114	32.3	1.20E-07	1	CL0159
IMGVR_UViG_3300044580_000302.3300044580.Ga0485776_0003649_3	270	417	257	461	PF10145.13	PhageMin_Tail	Family	11	162	201	35	1.40E-08	1	No_Clan
IMGVR_UViG_3300044580_000302.3300044580.Ga0485776_0003649_16	137	223	95	225	PF04233.18	Phage_Mu_F	Family	18	109	112	38.4	1.90E-09	1	No_Clan
IMGVR_UViG_3300044580_000302.3300044580.Ga0485776_0003649_18	76	384	58	404	PF06074.16	DUF935	Family	88	386	517	40.4	1.80E-10	1	No_Clan
IMGVR_UViG_3300044580_000147.3300044580.Ga0485776_0002898_5	82	386	63	389	PF04860.16	Phage_portal	Family	20	318	321	99.2	2.90E-28	1	No_Clan
IMGVR_UViG_3300044580_000147.3300044580.Ga0485776_0002898_10	133	297	121	310	PF17236.6	DUF5309	Family	100	268	283	46.3	3.70E-12	1	CL0373
IMGVR_UViG_3300044701_005757.3300044701.Ga0451755_0000276_12	88	246	83	264	PF21294.1	Polysacc_lyase_14	Family	6	175	215	44.6	1.60E-11	1	CL0004
IMGVR_UViG_3300044701_005757.3300044701.Ga0451755_0000276_22	111	203	54	203	PF02940.19	mRNA_triPase	Domain	123	221	221	37.2	2.70E-09	1	CL0273
IMGVR_UViG_3300044701_005757.3300044701.Ga0451755_0000276_26	90	207	74	216	PF19196.4	DUF5871	Family	20	125	137	44.3	1.60E-11	1	No_Clan
IMGVR_UViG_3300044701_005757.3300044701.Ga0451755_0000276_35	169	352	151	356	PF14099.10	Polysacc_lyase	Domain	16	207	211	41	2.20E-10	1	CL0004
IMGVR_UViG_3300044701_005757.3300044701.Ga0451755_0000276_35	417	564	416	566	PF13472.10	Lipase_GDSL_2	Domain	2	175	177	53.2	5.70E-14	1	CL0264
IMGVR_UViG_3300044701_005757.3300044701.Ga0451755_0000276_35	661	865	658	866	PF21294.1	Polysacc_lyase_14	Family	4	214	215	95.3	4.70E-27	1	CL0004
IMGVR_UViG_3300044701_005757.3300044701.Ga0451755_0000276_40	97	158	80	164	PF07885.20	Ion_trans_2	Family	16	64	79	30.6	2.70E-07	1	CL0030
IMGVR_UViG_3300044701_005757.3300044701.Ga0451755_0000276_43	427	478	427	478	PF13884.10	Peptidase_S74	Domain	1	54	54	31.9	1.20E-07	1	No_Clan
IMGVR_UViG_3300045988_183412.3300045988.Ga0495776_159566_9	79	294	76	330	PF04865.18	Baseplate_J	Family	4	225	255	73.4	2.00E-20	1	No_Clan
IMGVR_UViG_3300045988_183412.3300045988.Ga0495776_159566_13	230	320	229	329	PF01841.23	Transglut_core	Family	2	98	108	40.6	2.90E-10	1	CL0125
IMGVR_UViG_3300045988_183412.3300045988.Ga0495776_159566_25	29	93	24	95	PF13620.10	CarboxypepD_reg	Domain	6	78	82	39.5	6.40E-10	1	CL0287
IMGVR_UViG_3300045988_183412.3300045988.Ga0495776_159566_26	71	215	35	244	PF05065.17	Phage_capsid	Family	35	181	280	29.3	6.10E-07	1	CL0373
IMGVR_UViG_3300045988_183412.3300045988.Ga0495776_159566_30	88	375	76	376	PF04860.16	Phage_portal	Family	32	317	321	93.9	1.10E-26	1	No_Clan
IMGVR_UViG_3300045988_092702.3300045988.Ga0495776_185759_8	2	45	1	52	PF10746.13	Phage_holin_2_2	Family	4	52	61	30.9	1.90E-07	1	CL0563
IMGVR_UViG_3300045988_092702.3300045988.Ga0495776_185759_12	65	162	62	162	PF14301.10	DUF4376	Family	5	102	102	63.1	2.70E-17	1	No_Clan
IMGVR_UViG_3300045988_092702.3300045988.Ga0495776_185759_14	26	168	22	177	PF03906.18	Phage_T7_tail	Family	5	149	157	97.5	7.10E-28	1	No_Clan
IMGVR_UViG_3300045988_092702.3300045988.Ga0495776_185759_17	1123	1289	1123	1291	PF18857.5	LPD38	Domain	1	187	190	106.3	2.40E-30	1	No_Clan
IMGVR_UViG_3300045988_092702.3300045988.Ga0495776_185759_18	383	427	352	452	PF08291.15	Peptidase_M15_3	Domain	48	91	112	39.2	7.60E-10	1	CL0170
IMGVR_UViG_3300045988_092702.3300045988.Ga0495776_185759_24	90	244	83	244	PF05396.15	Phage_T7_Capsid	Family	23	189	189	74.9	1.10E-20	1	No_Clan
IMGVR_UViG_3300045988_092702.3300045988.Ga0495776_185759_39	48	161	16	163	PF21265.1	SBB_T7	Domain	42	167	169	35.5	7.90E-09	1	CL0021
IMGVR_UViG_3300045988_178991.3300045988.Ga0495776_136811_27	66	145	63	166	PF00692.23	dUTPase	Domain	22	101	129	36.8	3.00E-09	1	CL0153
IMGVR_UViG_3300045988_178991.3300045988.Ga0495776_136811_31	137	170	113	182	PF07509.15	DUF1523	Family	117	150	176	25.4	8.40E-06	1	No_Clan
IMGVR_UViG_3300045988_178991.3300045988.Ga0495776_136811_68	5	141	5	174	PF00535.30	Glycos_transf_2	Family	1	132	168	130.8	5.30E-38	1	CL0110
IMGVR_UViG_3300045988_178991.3300045988.Ga0495776_136811_75	11	91	10	110	PF13353.10	Fer4_12	Domain	2	80	137	29.3	1.00E-06	1	CL0344
IMGVR_UViG_3300045988_178991.3300045988.Ga0495776_136811_75	27	107	24	166	PF04055.25	Radical_SAM	Domain	5	88	167	45.1	1.40E-11	1	CL0036
IMGVR_UViG_3300045988_178991.3300045988.Ga0495776_136811_93	166	225	164	225	PF01471.22	PG_binding_1	Domain	4	57	57	59.2	3.90E-16	1	CL0244
IMGVR_UViG_3300045988_178991.3300045988.Ga0495776_136811_97	81	320	80	333	PF04865.18	Baseplate_J	Family	2	232	255	87.6	9.10E-25	1	No_Clan
IMGVR_UViG_3300045988_184099.3300045988.Ga0495776_168923_6	82	338	79	364	PF04865.18	Baseplate_J	Family	4	238	255	89.3	2.70E-25	1	No_Clan
IMGVR_UViG_3300045988_184099.3300045988.Ga0495776_168923_7	6	74	2	82	PF16640.9	Big_3_5	Domain	10	81	90	43.6	2.90E-11	1	CL0159
IMGVR_UViG_3300045988_184099.3300045988.Ga0495776_168923_18	210	270	208	272	PF01471.22	PG_binding_1	Domain	3	55	57	40.8	2.20E-10	1	CL0244
IMGVR_UViG_3300045988_184099.3300045988.Ga0495776_168923_27	6	72	2	79	PF13620.10	CarboxypepD_reg	Domain	10	77	82	32.4	1.10E-07	1	CL0287
IMGVR_UViG_3300045988_184099.3300045988.Ga0495776_168923_27	104	168	98	174	PF13620.10	CarboxypepD_reg	Domain	11	77	82	34.2	2.90E-08	1	CL0287
IMGVR_UViG_3300045988_184099.3300045988.Ga0495776_168923_29	8	105	3	109	PF14550.10	Peptidase_S78_2	Family	15	114	120	46.1	5.00E-12	1	CL0201
IMGVR_UViG_3300045988_184099.3300045988.Ga0495776_168923_41	2	65	2	65	PF00808.27	CBFD_NFYB_HMF	Domain	1	65	65	65.9	3.20E-18	1	CL0012
IMGVR_UViG_3300045988_184099.3300045988.Ga0495776_168923_54	243	298	243	298	PF13250.10	DUF4041	Family	1	56	56	41.8	8.30E-11	1	No_Clan
IMGVR_UViG_3300045988_184099.3300045988.Ga0495776_168923_54	421	497	421	498	PF13455.10	MUG113	Family	1	72	73	66.7	2.40E-18	1	CL0418
IMGVR_UViG_3300045988_179044.3300045988.Ga0495776_047128_39	136	247	135	248	PF04233.18	Phage_Mu_F	Family	2	111	112	46.1	7.90E-12	1	No_Clan
IMGVR_UViG_3300045988_179044.3300045988.Ga0495776_047128_41	49	304	44	309	PF17236.6	DUF5309	Family	8	278	283	39.1	5.60E-10	1	CL0373
IMGVR_UViG_3300045988_179044.3300045988.Ga0495776_047128_41	335	377	334	398	PF17802.5	SpaA	Domain	2	45	69	28.2	1.60E-06	1	CL0287
IMGVR_UViG_3300045988_179044.3300045988.Ga0495776_047128_54	253	347	252	347	PF01841.23	Transglut_core	Family	2	108	108	39.6	5.90E-10	1	CL0125
IMGVR_UViG_3300045988_179044.3300045988.Ga0495776_047128_59	77	294	76	306	PF04865.18	Baseplate_J	Family	2	220	255	101.3	6.00E-29	1	No_Clan
IMGVR_UViG_3300045988_182194.3300045988.Ga0495776_038849_4	105	376	74	379	PF04860.16	Phage_portal	Family	47	318	321	88.6	4.70E-25	1	No_Clan
IMGVR_UViG_3300045988_182194.3300045988.Ga0495776_038849_5	149	277	148	278	PF04233.18	Phage_Mu_F	Family	2	111	112	37.7	3.30E-09	1	No_Clan
IMGVR_UViG_3300045988_182194.3300045988.Ga0495776_038849_9	130	285	104	301	PF17236.6	DUF5309	Family	103	258	283	29.1	6.30E-07	1	CL0373
IMGVR_UViG_3300045988_182194.3300045988.Ga0495776_038849_10	28	91	24	95	PF13620.10	CarboxypepD_reg	Domain	5	78	82	36.3	6.20E-09	1	CL0287
IMGVR_UViG_3300045988_182194.3300045988.Ga0495776_038849_21	229	314	228	327	PF01841.23	Transglut_core	Family	3	94	108	40.7	2.70E-10	1	CL0125
IMGVR_UViG_3300045988_182194.3300045988.Ga0495776_038849_25	77	331	76	333	PF04865.18	Baseplate_J	Family	2	252	255	70.9	1.10E-19	1	No_Clan
IMGVR_UViG_3300045988_183486.3300045988.Ga0495776_091602_12	79	294	76	330	PF04865.18	Baseplate_J	Family	4	225	255	68.1	8.40E-19	1	No_Clan
IMGVR_UViG_3300045988_183486.3300045988.Ga0495776_091602_16	230	320	229	329	PF01841.23	Transglut_core	Family	2	98	108	40.6	2.90E-10	1	CL0125
IMGVR_UViG_3300045988_183486.3300045988.Ga0495776_091602_28	22	86	17	88	PF13620.10	CarboxypepD_reg	Domain	6	78	82	39.7	5.30E-10	1	CL0287
IMGVR_UViG_3300045988_183486.3300045988.Ga0495776_091602_29	69	214	34	244	PF05065.17	Phage_capsid	Family	34	181	280	30.7	2.30E-07	1	CL0373
IMGVR_UViG_3300048592_000663.3300048592.Ga0498931_0001416_29	33	119	5	119	PF09643.14	YopX	Domain	46	128	128	58.4	8.00E-16	1	No_Clan
IMGVR_UViG_3300048592_000663.3300048592.Ga0498931_0001416_49	307	472	307	474	PF13472.10	Lipase_GDSL_2	Domain	1	175	177	58.6	1.30E-15	1	CL0264
IMGVR_UViG_3300048592_000663.3300048592.Ga0498931_0001416_58	13	251	6	265	PF04454.16	Linocin_M18	Family	20	235	253	57.4	1.50E-15	1	CL0373
IMGVR_UViG_3300048592_000663.3300048592.Ga0498931_0001416_69	95	287	94	291	PF10145.13	PhageMin_Tail	Family	2	197	201	158.2	2.50E-46	1	No_Clan
IMGVR_UViG_3300048592_000663.3300048592.Ga0498931_0001416_74	38	106	38	119	PF10102.13	DUF2341	Family	1	74	84	54.8	1.20E-14	1	No_Clan
IMGVR_UViG_3300049639_000131.3300049639.Ga0499517_003785_3	5	242	3	254	PF18906.4	Phage_tube_2	Family	5	228	269	43.4	3.30E-11	1	No_Clan
IMGVR_UViG_3300049639_000131.3300049639.Ga0499517_003785_7	80	315	33	326	PF05065.17	Phage_capsid	Family	46	262	280	36.9	3.00E-09	1	CL0373
IMGVR_UViG_3300049639_000145.3300049639.Ga0499517_000182_1	9	77	1	77	PF18911.4	PKD_4	Domain	16	85	85	67.6	8.50E-19	1	CL0159
IMGVR_UViG_3300049639_000145.3300049639.Ga0499517_000182_1	297	375	291	375	PF18911.4	PKD_4	Domain	4	85	85	76.9	1.00E-21	1	CL0159
IMGVR_UViG_3300049639_000145.3300049639.Ga0499517_000182_1	632	712	631	712	PF18911.4	PKD_4	Domain	2	85	85	71.1	6.80E-20	1	CL0159
IMGVR_UViG_3300049639_000145.3300049639.Ga0499517_000182_8	7	118	7	118	PF11367.12	DUF3168	Family	1	117	117	49.6	4.50E-13	1	CL0691
IMGVR_UViG_3300049639_000145.3300049639.Ga0499517_000182_12	94	291	93	292	PF10145.13	PhageMin_Tail	Family	2	200	201	174.8	2.10E-51	1	No_Clan
IMGVR_UViG_3300049639_000145.3300049639.Ga0499517_000182_17	41	115	41	117	PF10102.13	DUF2341	Family	1	82	84	49.4	5.50E-13	1	No_Clan
IMGVR_UViG_3300049639_000145.3300049639.Ga0499517_000182_17	489	563	489	565	PF10102.13	DUF2341	Family	1	82	84	50.4	2.80E-13	1	No_Clan
IMGVR_UViG_3300049639_000145.3300049639.Ga0499517_000182_18	243	387	243	400	PF08480.14	Disaggr_assoc	Repeat	1	146	194	52.3	7.50E-14	1	CL0268
IMGVR_UViG_3300049639_000145.3300049639.Ga0499517_000182_33	1	65	1	65	PF08004.15	DUF1699	Family	66	130	130	57.2	1.50E-15	1	No_Clan
IMGVR_UViG_3300049639_000145.3300049639.Ga0499517_000182_60	15	91	12	91	PF18911.4	PKD_4	Domain	8	85	85	72	3.50E-20	1	CL0159
IMGVR_UViG_3300049639_000129.3300049639.Ga0499517_000799_30	448	595	448	596	PF13385.10	Laminin_G_3	Domain	1	150	151	37.9	2.20E-09	1	CL0004
IMGVR_UViG_3300049640_000170.3300049640.Ga0499518_013297_4	64	380	60	383	PF04860.16	Phage_portal	Family	6	318	321	116.3	1.70E-33	1	No_Clan
IMGVR_UViG_3300049641_000515.3300049641.Ga0499519_007172_6	41	115	41	117	PF10102.13	DUF2341	Family	1	82	84	49.7	4.60E-13	1	No_Clan
IMGVR_UViG_3300049641_000515.3300049641.Ga0499519_007172_6	489	563	489	565	PF10102.13	DUF2341	Family	1	82	84	53.4	3.30E-14	1	No_Clan
IMGVR_UViG_3300049641_000515.3300049641.Ga0499519_007172_7	243	345	243	352	PF08480.14	Disaggr_assoc	Repeat	1	108	194	50.9	2.00E-13	1	CL0268
IMGVR_UViG_3300049644_000208.3300049644.Ga0499522_000346_6	189	272	182	286	PF01345.22	DUF11	Domain	12	97	114	32.6	9.10E-08	1	CL0159
IMGVR_UViG_3300049644_000208.3300049644.Ga0499522_000346_6	296	386	292	388	PF01345.22	DUF11	Domain	10	103	114	24.7	2.70E-05	1	CL0159
IMGVR_UViG_3300049644_000208.3300049644.Ga0499522_000346_6	673	786	670	792	PF05709.15	Sipho_tail	Domain	12	109	118	34	3.30E-08	1	CL0504
IMGVR_UViG_3300049644_000208.3300049644.Ga0499522_000346_8	1069	1118	1055	1140	PF01841.23	Transglut_core	Family	30	81	108	23.9	4.60E-05	1	CL0125
IMGVR_UViG_3300049644_000208.3300049644.Ga0499522_000346_11	6	291	3	305	PF18906.4	Phage_tube_2	Family	5	262	269	59.6	3.90E-16	1	No_Clan
IMGVR_UViG_3300049644_000208.3300049644.Ga0499522_000346_20	72	386	66	417	PF06074.16	DUF935	Family	88	397	517	56.6	2.30E-15	1	No_Clan
IMGVR_UViG_3300049644_000208.3300049644.Ga0499522_000346_63	22	49	20	65	PF04014.22	MazE_antitoxin	Domain	6	33	47	26.2	5.70E-06	1	CL0132
IMGVR_UViG_3300049645_000012.3300049645.Ga0499523_008903_4	11	78	9	94	PF05135.17	Phage_connect_1	Domain	4	62	101	23.3	8.20E-05	1	CL0643
IMGVR_UViG_3300049645_000012.3300049645.Ga0499523_008903_7	154	407	141	408	PF05065.17	Phage_capsid	Family	23	279	280	31.3	1.50E-07	1	CL0373
IMGVR_UViG_3300049645_000012.3300049645.Ga0499523_008903_9	127	235	100	235	PF04233.18	Phage_Mu_F	Family	18	112	112	32.1	1.80E-07	1	No_Clan
IMGVR_UViG_7000000032_000082.7000000032.SRS024132_Baylor_scaffold_31055_16	391	593	376	594	PF20934.1	phi29_gp9_C	Domain	258	444	445	45.6	4.20E-12	1	No_Clan
IMGVR_UViG_7000000302_000175.7000000302.C2138247_1	84	456	82	461	PF04860.16	Phage_portal	Family	6	316	321	59.1	4.60E-16	1	No_Clan
IMGVR_UViG_7000000302_000175.7000000302.C2138247_2	64	181	61	193	PF03237.19	Terminase_6N	Domain	4	119	215	23.6	4.00E-05	1	CL0023
IMGVR_UViG_7000000302_000175.7000000302.C2138247_2	410	508	389	510	PF17289.6	Terminase_6C	Domain	52	152	155	23.3	5.80E-05	1	CL0219
IMGVR_UViG_2627853524_000001.2627853524.2627857289.38449-74821_3	81	322	80	338	PF04865.18	Baseplate_J	Family	2	239	255	81.2	8.00E-23	1	No_Clan
IMGVR_UViG_2627853524_000001.2627853524.2627857289.38449-74821_14	195	337	192	354	PF04984.18	Phage_sheath_1	Domain	4	153	168	37.8	1.90E-09	1	No_Clan
IMGVR_UViG_2627853524_000001.2627853524.2627857289.38449-74821_22	244	332	171	337	PF10123.13	Mu-like_Pro	Family	220	309	327	31	2.10E-07	1	No_Clan
IMGVR_UViG_2627853524_000001.2627853524.2627857289.38449-74821_57	23	64	23	68	PF04014.22	MazE_antitoxin	Domain	3	43	47	28.1	1.40E-06	1	CL0132
IMGVR_UViG_2558860120_000001.2558860120.2558862857.190139-221138_1	362	448	361	448	PF16640.9	Big_3_5	Domain	2	90	90	60.8	1.20E-16	1	CL0159
IMGVR_UViG_2558860120_000001.2558860120.2558862857.190139-221138_5	5	243	3	261	PF18906.4	Phage_tube_2	Family	5	229	269	41.1	1.70E-10	1	No_Clan
IMGVR_UViG_2558860120_000001.2558860120.2558862857.190139-221138_7	26	79	16	79	PF04883.16	HK97-gp10_like	Family	21	78	78	21.7	0.00035	1	CL0348
IMGVR_UViG_2558860120_000001.2558860120.2558862857.190139-221138_10	80	327	29	329	PF05065.17	Phage_capsid	Family	46	278	280	37.8	1.50E-09	1	CL0373
IMGVR_UViG_2558860120_000001.2558860120.2558862857.190139-221138_14	135	456	128	458	PF04860.16	Phage_portal	Family	57	319	321	74.7	8.00E-21	1	No_Clan
IMGVR_UViG_2684622741_000001.2684622741.2684640952.52463-98820_8	15	173	15	176	PF01420.23	Methylase_S	Domain	1	164	168	70.6	2.00E-19	1	CL0477
IMGVR_UViG_2684622741_000001.2684622741.2684640952.52463-98820_44	76	223	55	277	PF05065.17	Phage_capsid	Family	35	181	280	31.5	1.30E-07	1	CL0373
IMGVR_UViG_2684622741_000001.2684622741.2684640952.52463-98820_61	77	284	76	315	PF04865.18	Baseplate_J	Family	2	213	255	72.8	3.10E-20	1	No_Clan
IMGVR_UViG_3300038365_000207.3300038365.Ga0134850_000092.51666-75602_4	345	415	344	425	PF13620.10	CarboxypepD_reg	Domain	2	72	82	36.2	6.70E-09	1	CL0287
IMGVR_UViG_3300038365_000207.3300038365.Ga0134850_000092.51666-75602_9	85	323	29	328	PF05065.17	Phage_capsid	Family	51	275	280	39.1	6.10E-10	1	CL0373
IMGVR_UViG_3300038365_000207.3300038365.Ga0134850_000092.51666-75602_10	4	125	1	129	PF14550.10	Peptidase_S78_2	Family	5	116	120	49.9	3.30E-13	1	CL0201
IMGVR_UViG_3300038365_000207.3300038365.Ga0134850_000092.51666-75602_13	78	444	76	447	PF04860.16	Phage_portal	Family	5	313	321	72.2	4.80E-20	1	No_Clan
IMGVR_UViG_3300027566_000344.3300027566.Ga0209639_1000960.5675-33726_14	80	323	78	335	PF04865.18	Baseplate_J	Family	3	243	255	141.3	3.70E-41	1	No_Clan
IMGVR_UViG_3300027566_000344.3300027566.Ga0209639_1000960.5675-33726_18	152	213	151	213	PF01471.22	PG_binding_1	Domain	2	57	57	64.4	8.90E-18	1	CL0244
IMGVR_UViG_3300027566_000344.3300027566.Ga0209639_1000960.5675-33726_31	94	210	90	213	PF14550.10	Peptidase_S78_2	Family	5	111	120	65.3	5.60E-18	1	CL0201
IMGVR_UViG_3300027566_000344.3300027566.Ga0209639_1000960.5675-33726_31	383	402	383	405	PF13240.10	zinc_ribbon_2	Domain	1	20	23	27.6	2.10E-06	1	CL0167
IMGVR_UViG_3300029718_000398.3300029718.Ga0245237_1000541.25754-46992_6	78	134	72	134	PF02369.20	Big_1	Domain	6	64	64	35	1.20E-08	1	CL0159
IMGVR_UViG_3300029718_000398.3300029718.Ga0245237_1000541.25754-46992_9	350	427	349	428	PF13620.10	CarboxypepD_reg	Domain	2	81	82	34.5	2.30E-08	1	CL0287
IMGVR_UViG_3300029718_000398.3300029718.Ga0245237_1000541.25754-46992_11	13	78	9	78	PF04883.16	HK97-gp10_like	Family	7	78	78	28.9	1.90E-06	1	CL0348
IMGVR_UViG_3300029618_000337.3300029618.Ga0245134_100024.106155-118744_7	13	78	9	78	PF04883.16	HK97-gp10_like	Family	7	78	78	24.2	5.90E-05	1	CL0348
IMGVR_UViG_3300029618_000337.3300029618.Ga0245134_100024.106155-118744_9	350	427	349	428	PF13620.10	CarboxypepD_reg	Domain	2	81	82	34.3	2.60E-08	1	CL0287
IMGVR_UViG_3300029822_001172.3300029822.Ga0134854_1001002.1-22155_1	243	360	243	361	PF08480.14	Disaggr_assoc	Repeat	1	119	194	53.8	2.60E-14	1	CL0268
IMGVR_UViG_3300029822_001172.3300029822.Ga0134854_1001002.1-22155_2	39	113	39	115	PF10102.13	DUF2341	Family	1	82	84	45.9	7.10E-12	1	No_Clan
IMGVR_UViG_3300029822_001172.3300029822.Ga0134854_1001002.1-22155_2	488	562	488	564	PF10102.13	DUF2341	Family	1	82	84	45	1.40E-11	1	No_Clan
IMGVR_UViG_3300029822_001172.3300029822.Ga0134854_1001002.1-22155_7	99	286	97	356	PF10145.13	PhageMin_Tail	Family	3	190	201	90.7	1.20E-25	1	No_Clan
IMGVR_UViG_3300029822_001172.3300029822.Ga0134854_1001002.1-22155_11	5	116	5	116	PF11367.12	DUF3168	Family	1	117	117	42.5	7.40E-11	1	CL0691
IMGVR_UViG_3300029822_001172.3300029822.Ga0134854_1001002.1-22155_12	13	89	13	89	PF04883.16	HK97-gp10_like	Family	1	78	78	44	3.90E-11	1	CL0348
IMGVR_UViG_3300029822_001172.3300029822.Ga0134854_1001002.1-22155_15	9	235	5	261	PF04454.16	Linocin_M18	Family	16	219	253	49.6	3.50E-13	1	CL0373
IMGVR_UViG_3300032038_009887.3300032038.Ga0326512_10002229.1-13601_2	153	313	125	321	PF17236.6	DUF5309	Family	118	275	283	28.9	7.20E-07	1	CL0373
IMGVR_UViG_3300032038_009887.3300032038.Ga0326512_10002229.1-13601_6	112	384	106	385	PF04860.16	Phage_portal	Family	52	320	321	91	8.90E-26	1	No_Clan
IMGVR_UViG_3300032038_009887.3300032038.Ga0326512_10002229.1-13601_7	41	241	38	244	PF03237.19	Terminase_6N	Domain	4	212	215	69	5.00E-19	1	CL0023
IMGVR_UViG_3300005405_000330.3300005405.Ga0074193_1000837.8676-45482_6	79	322	77	343	PF04865.18	Baseplate_J	Family	3	243	255	138.8	2.20E-40	1	No_Clan
IMGVR_UViG_3300005405_000330.3300005405.Ga0074193_1000837.8676-45482_7	11	109	7	109	PF10934.12	DUF2634	Family	5	104	104	44.3	1.80E-11	1	CL0763
IMGVR_UViG_3300005405_000330.3300005405.Ga0074193_1000837.8676-45482_9	256	344	248	345	PF01841.23	Transglut_core	Family	10	107	108	39	9.70E-10	1	CL0125
IMGVR_UViG_3300005405_000330.3300005405.Ga0074193_1000837.8676-45482_10	157	215	153	215	PF01471.22	PG_binding_1	Domain	5	57	57	73.2	1.60E-20	1	CL0244
IMGVR_UViG_3300005405_000330.3300005405.Ga0074193_1000837.8676-45482_16	200	363	199	363	PF04984.18	Phage_sheath_1	Domain	3	168	168	32.7	6.80E-08	1	No_Clan
IMGVR_UViG_3300005405_000330.3300005405.Ga0074193_1000837.8676-45482_25	169	477	103	479	PF04860.16	Phage_portal	Family	78	319	321	41.2	1.20E-10	1	No_Clan
IMGVR_UViG_3300029303_000310.3300029303.Ga0168703_1000088.12329-61175_4	22	42	14	58	PF12789.11	PTR	Repeat	16	36	60	14.4	0.035	1	No_Clan
IMGVR_UViG_3300029303_000310.3300029303.Ga0168703_1000088.12329-61175_4	85	117	77	124	PF12789.11	PTR	Repeat	21	53	60	32.2	9.70E-08	1	No_Clan
IMGVR_UViG_3300029303_000310.3300029303.Ga0168703_1000088.12329-61175_4	125	154	121	163	PF12789.11	PTR	Repeat	15	44	60	32	1.10E-07	1	No_Clan
IMGVR_UViG_3300029303_000310.3300029303.Ga0168703_1000088.12329-61175_12	79	294	76	330	PF04865.18	Baseplate_J	Family	4	225	255	73.3	2.10E-20	1	No_Clan
IMGVR_UViG_3300029303_000310.3300029303.Ga0168703_1000088.12329-61175_16	231	320	230	329	PF01841.23	Transglut_core	Family	3	98	108	40.5	3.20E-10	1	CL0125
IMGVR_UViG_3300029303_000310.3300029303.Ga0168703_1000088.12329-61175_28	22	86	17	88	PF13620.10	CarboxypepD_reg	Domain	6	78	82	40.9	2.30E-10	1	CL0287
IMGVR_UViG_3300029303_000310.3300029303.Ga0168703_1000088.12329-61175_29	71	215	35	241	PF05065.17	Phage_capsid	Family	35	181	280	26.8	3.40E-06	1	CL0373
IMGVR_UViG_3300029303_000310.3300029303.Ga0168703_1000088.12329-61175_33	88	375	76	376	PF04860.16	Phage_portal	Family	32	317	321	93.9	1.10E-26	1	No_Clan
IMGVR_UViG_3300029303_000310.3300029303.Ga0168703_1000088.12329-61175_60	11	155	10	163	PF13479.10	AAA_24	Domain	2	153	195	51.9	9.00E-14	1	CL0023
IMGVR_UViG_3300029339_000335.3300029339.Ga0242823_1000674.23078-51731_14	77	331	76	333	PF04865.18	Baseplate_J	Family	2	252	255	70.8	1.20E-19	1	No_Clan
IMGVR_UViG_3300029339_000335.3300029339.Ga0242823_1000674.23078-51731_18	229	314	228	327	PF01841.23	Transglut_core	Family	3	94	108	40.7	2.70E-10	1	CL0125
IMGVR_UViG_3300029339_000335.3300029339.Ga0242823_1000674.23078-51731_30	28	91	24	95	PF13620.10	CarboxypepD_reg	Domain	5	78	82	36.3	6.20E-09	1	CL0287
IMGVR_UViG_3300029339_000335.3300029339.Ga0242823_1000674.23078-51731_31	134	296	106	308	PF17236.6	DUF5309	Family	107	269	283	28.9	7.10E-07	1	CL0373
IMGVR_UViG_3300007296_000316.3300007296.Ga0104830_100636.3-24082_1	232	280	225	282	PF09479.14	Flg_new	Domain	14	63	65	39	7.20E-10	1	CL0072
IMGVR_UViG_3300007296_000316.3300007296.Ga0104830_100636.3-24082_2	3	80	1	89	PF10934.12	DUF2634	Family	18	97	104	90.9	5.30E-26	1	CL0763
IMGVR_UViG_3300007296_000316.3300007296.Ga0104830_100636.3-24082_10	58	243	57	248	PF20155.3	TMP_3	Family	2	187	192	163.9	3.90E-48	1	No_Clan
IMGVR_UViG_3300007296_000316.3300007296.Ga0104830_100636.3-24082_13	2	136	1	141	PF09393.14	DUF2001	Domain	3	131	139	75.8	3.80E-21	1	CL0504
IMGVR_UViG_3300007296_000316.3300007296.Ga0104830_100636.3-24082_18	2	84	1	86	PF20765.1	DUF6838	Domain	41	122	124	51.1	1.70E-13	1	CL0691
IMGVR_UViG_3300007296_000316.3300007296.Ga0104830_100636.3-24082_25	109	193	93	193	PF19077.4	Big_13	Domain	16	102	102	33.2	6.50E-08	1	CL0159
IMGVR_UViG_3300007296_000316.3300007296.Ga0104830_100636.3-24082_25	196	285	196	286	PF09136.14	Glucodextran_B	Domain	1	82	83	67.3	9.70E-19	1	CL0159
IMGVR_UViG_3300007296_000316.3300007296.Ga0104830_100636.3-24082_28	2	88	1	88	PF06810.15	Phage_GP20	Family	65	149	149	60.8	1.40E-16	1	No_Clan
IMGVR_UViG_3300007296_000316.3300007296.Ga0104830_100636.3-24082_33	1	198	1	201	PF05133.18	Phage_prot_Gp6	Family	216	413	416	113.7	1.10E-32	1	No_Clan
IMGVR_UViG_3300014539_000129.3300014539.Ga0169882_100001.273024-313973_1	47	173	43	174	PF16729.9	DUF5067	Domain	4	124	125	62.4	4.30E-17	1	CL0524
IMGVR_UViG_3300014539_000129.3300014539.Ga0169882_100001.273024-313973_7	6	164	5	173	PF01520.22	Amidase_3	Domain	3	160	174	67.4	1.80E-18	1	CL0105
IMGVR_UViG_3300014539_000129.3300014539.Ga0169882_100001.273024-313973_8	6	103	4	103	PF09682.14	Phage_holin_6_1	Family	3	101	101	72.9	2.70E-20	1	No_Clan
IMGVR_UViG_3300014539_000129.3300014539.Ga0169882_100001.273024-313973_11	402	592	400	592	PF13472.10	Lipase_GDSL_2	Domain	3	177	177	77.7	1.70E-21	1	CL0264
IMGVR_UViG_3300014539_000129.3300014539.Ga0169882_100001.273024-313973_13	14	119	3	120	PF20458.2	DUF6711	Family	22	133	134	45.4	1.10E-11	1	No_Clan
IMGVR_UViG_3300014539_000129.3300014539.Ga0169882_100001.273024-313973_14	1410	1479	1402	1509	PF01464.24	SLT	Domain	21	84	117	29	7.00E-07	1	CL0037
IMGVR_UViG_3300014539_000129.3300014539.Ga0169882_100001.273024-313973_16	11	125	9	133	PF19591.3	DUF6096	Family	4	118	130	140.2	4.80E-41	1	No_Clan
IMGVR_UViG_3300014539_000129.3300014539.Ga0169882_100001.273024-313973_21	44	113	39	113	PF05135.17	Phage_connect_1	Domain	25	101	101	27.3	4.40E-06	1	CL0643
IMGVR_UViG_3300014539_000129.3300014539.Ga0169882_100001.273024-313973_22	132	313	54	315	PF20036.3	Gp13-like	Family	120	306	313	48.9	6.30E-13	1	CL0373
IMGVR_UViG_3300014539_000129.3300014539.Ga0169882_100001.273024-313973_23	53	166	49	168	PF14265.10	DUF4355	Family	5	122	124	71	1.10E-19	1	No_Clan
IMGVR_UViG_3300014539_000129.3300014539.Ga0169882_100001.273024-313973_25	22	442	21	444	PF05133.18	Phage_prot_Gp6	Family	2	414	416	368.1	6.60E-110	1	No_Clan
IMGVR_UViG_3300014539_000129.3300014539.Ga0169882_100001.273024-313973_36	29	150	29	150	PF08877.14	MepB-like	Domain	1	122	122	160.2	1.90E-47	1	CL0236
IMGVR_UViG_3300014539_000129.3300014539.Ga0169882_100001.273024-313973_41	2	103	2	103	PF00436.29	SSB	Domain	1	104	104	128.8	8.60E-38	1	CL0021
IMGVR_UViG_3300014539_000129.3300014539.Ga0169882_100001.273024-313973_45	1	114	1	115	PF09681.14	Phage_rep_org_N	Family	8	121	121	141.1	1.80E-41	1	CL0123
IMGVR_UViG_3300014539_000129.3300014539.Ga0169882_100001.273024-313973_45	157	228	157	228	PF09524.14	Phg_2220_C	Domain	1	73	73	100.3	5.30E-29	1	No_Clan
IMGVR_UViG_3300014539_000129.3300014539.Ga0169882_100001.273024-313973_51	6	63	6	65	PF13443.10	HTH_26	Domain	1	61	63	27.8	2.60E-06	1	CL0123
IMGVR_UViG_3300049639_000288.3300049639.Ga0499517_000182.5165-45840_4	7	118	7	118	PF11367.12	DUF3168	Family	1	117	117	49.6	4.50E-13	1	CL0691
IMGVR_UViG_3300049639_000288.3300049639.Ga0499517_000182.5165-45840_8	94	291	93	292	PF10145.13	PhageMin_Tail	Family	2	200	201	174.8	2.10E-51	1	No_Clan
IMGVR_UViG_3300049639_000288.3300049639.Ga0499517_000182.5165-45840_13	41	115	41	117	PF10102.13	DUF2341	Family	1	82	84	49.4	5.50E-13	1	No_Clan
IMGVR_UViG_3300049639_000288.3300049639.Ga0499517_000182.5165-45840_13	489	563	489	565	PF10102.13	DUF2341	Family	1	82	84	50.4	2.80E-13	1	No_Clan
IMGVR_UViG_3300049639_000288.3300049639.Ga0499517_000182.5165-45840_14	243	387	243	400	PF08480.14	Disaggr_assoc	Repeat	1	146	194	52.3	7.50E-14	1	CL0268
IMGVR_UViG_3300049639_000288.3300049639.Ga0499517_000182.5165-45840_29	1	65	1	65	PF08004.15	DUF1699	Family	66	130	130	57.2	1.50E-15	1	No_Clan
IMGVR_UViG_3300049639_000288.3300049639.Ga0499517_000182.5165-45840_56	15	91	12	91	PF18911.4	PKD_4	Domain	8	85	85	72	3.50E-20	1	CL0159
IMGVR_UViG_3300017643_000025.3300017643.Ga0183097_10013.783830-816941_10	11	41	8	43	PF13936.10	HTH_38	Domain	11	41	44	27.5	2.00E-06	1	CL0123
IMGVR_UViG_3300017643_000025.3300017643.Ga0183097_10013.783830-816941_24	148	262	147	263	PF04233.18	Phage_Mu_F	Family	2	111	112	53.4	4.30E-14	1	No_Clan
IMGVR_UViG_3300017643_000025.3300017643.Ga0183097_10013.783830-816941_29	28	92	20	92	PF04883.16	HK97-gp10_like	Family	11	78	78	28.9	2.00E-06	1	CL0348
IMGVR_UViG_3300017643_000025.3300017643.Ga0183097_10013.783830-816941_31	2	239	1	266	PF18906.4	Phage_tube_2	Family	2	226	269	44.4	1.70E-11	1	No_Clan
IMGVR_UViG_3300017643_000025.3300017643.Ga0183097_10013.783830-816941_35	296	380	281	389	PF01345.22	DUF11	Domain	17	107	114	29.1	1.10E-06	1	CL0159
IMGVR_UViG_3300017643_000025.3300017643.Ga0183097_10013.783830-816941_35	688	780	676	786	PF05709.15	Sipho_tail	Domain	23	107	118	33.9	3.50E-08	1	CL0504
IMGVR_UViG_3300017643_000025.3300017643.Ga0183097_10013.783830-816941_36	126	403	99	410	PF06605.15	Prophage_tail	Family	38	260	267	36.3	5.30E-09	1	CL0504
IMGVR_UViG_3300029616_000312.3300029616.Ga0245133_100108.125-37838_5	88	375	76	376	PF04860.16	Phage_portal	Family	32	317	321	94	1.10E-26	1	No_Clan
IMGVR_UViG_3300029616_000312.3300029616.Ga0245133_100108.125-37838_9	24	151	22	166	PF13589.10	HATPase_c_3	Domain	3	119	137	70.7	1.40E-19	1	CL0025
IMGVR_UViG_3300029616_000312.3300029616.Ga0245133_100108.125-37838_11	87	293	37	304	PF17236.6	DUF5309	Family	47	266	283	26.6	3.70E-06	1	CL0373
IMGVR_UViG_3300029616_000312.3300029616.Ga0245133_100108.125-37838_12	22	86	17	88	PF13620.10	CarboxypepD_reg	Domain	6	78	82	41.2	1.90E-10	1	CL0287
IMGVR_UViG_3300029616_000312.3300029616.Ga0245133_100108.125-37838_23	230	316	229	329	PF01841.23	Transglut_core	Family	2	94	108	40.4	3.60E-10	1	CL0125
IMGVR_UViG_3300029616_000312.3300029616.Ga0245133_100108.125-37838_28	79	290	76	330	PF04865.18	Baseplate_J	Family	4	221	255	67.1	1.60E-18	1	No_Clan
IMGVR_UViG_3300029616_000312.3300029616.Ga0245133_100108.125-37838_37	6	417	5	424	PF19528.3	DUF6056	Family	2	328	438	49.3	3.40E-13	1	No_Clan
IMGVR_UViG_3300029616_000312.3300029616.Ga0245133_100108.125-37838_38	140	216	132	251	PF12386.12	Peptidase_C71	Family	9	85	149	38.8	8.70E-10	1	CL0125
IMGVR_UViG_3300029616_000335.3300029616.Ga0245133_100336.614-10413_3	5	117	5	134	PF02732.19	ERCC4	Domain	1	122	140	47.3	2.10E-12	1	CL0236
IMGVR_UViG_3300029616_000335.3300029616.Ga0245133_100336.614-10413_16	3	78	2	102	PF08960.14	STIV_B116-like	Domain	2	79	101	31.2	2.10E-07	1	No_Clan
IMGVR_UViG_3300007001_000009.3300007001.Ga0103284_10001.2-38180_2	6	139	3	146	PF10651.13	BppU_N	Domain	5	134	143	44.3	1.70E-11	1	No_Clan
IMGVR_UViG_3300007001_000009.3300007001.Ga0103284_10001.2-38180_6	303	486	300	488	PF20155.3	TMP_3	Family	4	190	192	43.5	3.30E-11	1	No_Clan
IMGVR_UViG_3300007001_000009.3300007001.Ga0103284_10001.2-38180_6	1765	1857	1765	1876	PF00877.23	NLPC_P60	Family	1	86	105	39.1	6.80E-10	1	CL0125
IMGVR_UViG_3300007001_000009.3300007001.Ga0103284_10001.2-38180_8	4	110	3	114	PF06896.15	Phage_TAC_3	Family	2	107	115	42.5	9.40E-11	1	CL0567
IMGVR_UViG_3300007001_000009.3300007001.Ga0103284_10001.2-38180_9	2	204	1	208	PF04630.16	Phage_TTP_1	Family	2	194	199	111.8	2.90E-32	1	CL0504
IMGVR_UViG_3300007001_000009.3300007001.Ga0103284_10001.2-38180_10	6	123	3	124	PF05657.15	DUF806	Family	4	120	121	43.1	5.50E-11	1	No_Clan
IMGVR_UViG_3300007001_000009.3300007001.Ga0103284_10001.2-38180_14	129	411	128	415	PF05065.17	Phage_capsid	Family	2	276	280	90.2	1.70E-25	1	CL0373
IMGVR_UViG_3300007001_000009.3300007001.Ga0103284_10001.2-38180_15	39	174	32	175	PF00574.27	CLP_protease	Domain	44	181	182	105.4	3.60E-30	1	CL0127
IMGVR_UViG_3300007001_000009.3300007001.Ga0103284_10001.2-38180_16	60	353	45	355	PF04860.16	Phage_portal	Family	28	318	321	134.6	4.60E-39	1	No_Clan
IMGVR_UViG_3300007001_000009.3300007001.Ga0103284_10001.2-38180_21	24	127	23	134	PF05119.16	Terminase_4	Family	2	91	98	63.3	2.40E-17	1	No_Clan
IMGVR_UViG_3300029708_000319.3300029708.Ga0245189_100060.85544-129683_30	337	390	336	401	PF17802.5	SpaA	Domain	2	56	69	24.2	2.90E-05	1	CL0287
IMGVR_UViG_3300029708_000319.3300029708.Ga0245189_100060.85544-129683_34	9	80	7	80	PF04883.16	HK97-gp10_like	Family	3	78	78	25.9	1.70E-05	1	CL0348
IMGVR_UViG_3300029708_000319.3300029708.Ga0245189_100060.85544-129683_47	94	348	92	350	PF04865.18	Baseplate_J	Family	3	252	255	76.5	2.20E-21	1	No_Clan
IMGVR_UViG_3300029857_000365.3300029857.Ga0245297_1000139.1-23350_12	4	113	1	115	PF14550.10	Peptidase_S78_2	Family	7	117	120	49.4	4.90E-13	1	CL0201
IMGVR_UViG_3300029857_000365.3300029857.Ga0245297_1000139.1-23350_43	10	57	9	57	PF10049.13	DUF2283	Family	3	49	49	41.3	1.40E-10	1	No_Clan
